2026-03-07 14:41:51,097 [INFO] --- Starting ENCODE Epigenetic Integration (via Ensembl) ---
2026-03-07 14:41:51,119 [INFO] [1/79] Checking ENCODE regulatory overlaps for rs662138...
2026-03-07 14:41:52,198 [INFO]    -> No overlapping epigenetic features found.
2026-03-07 14:41:52,300 [INFO] [2/79] Checking ENCODE regulatory overlaps for rs603424...
2026-03-07 14:41:53,077 [INFO]    -> No overlapping epigenetic features found.
2026-03-07 14:41:53,178 [INFO] [3/79] Checking ENCODE regulatory overlaps for rs174546...
2026-03-07 14:41:55,267 [INFO]    -> No overlapping epigenetic features found.
2026-03-07 14:41:55,368 [INFO] [4/79] Checking ENCODE regulatory overlaps for rs174564...
2026-03-07 14:41:56,089 [INFO]    -> Found 1 ENCODE regulatory features!
2026-03-07 14:41:56,252 [INFO] [5/79] Checking ENCODE regulatory overlaps for rs174599...
2026-03-07 14:41:57,051 [INFO]    -> No overlapping epigenetic features found.
2026-03-07 14:41:57,152 [INFO] [6/79] Checking ENCODE regulatory overlaps for rs34400381...
2026-03-07 14:41:57,863 [INFO]    -> No overlapping epigenetic features found.
2026-03-07 14:41:57,964 [INFO] [7/79] Checking ENCODE regulatory overlaps for rs148982377...
2026-03-07 14:42:01,442 [INFO]    -> No overlapping epigenetic features found.
2026-03-07 14:42:01,543 [INFO] [8/79] Checking ENCODE regulatory overlaps for rs2472297...
2026-03-07 14:42:02,294 [INFO]    -> No overlapping epigenetic features found.
2026-03-07 14:42:02,396 [INFO] [9/79] Checking ENCODE regulatory overlaps for rs11211406...
2026-03-07 14:42:03,134 [INFO]    -> No overlapping epigenetic features found.
2026-03-07 14:42:03,235 [INFO] [10/79] Checking ENCODE regulatory overlaps for rs1165209...
2026-03-07 14:42:04,160 [INFO]    -> No overlapping epigenetic features found.
2026-03-07 14:42:04,261 [INFO] [11/79] Checking ENCODE regulatory overlaps for rs640777...
2026-03-07 14:42:04,999 [INFO]    -> No overlapping epigenetic features found.
2026-03-07 14:42:05,100 [INFO] [12/79] Checking ENCODE regulatory overlaps for rs1871194...
2026-03-07 14:42:05,854 [INFO]    -> No overlapping epigenetic features found.
2026-03-07 14:42:05,956 [INFO] [13/79] Checking ENCODE regulatory overlaps for rs2271060...
2026-03-07 14:42:06,664 [INFO]    -> No overlapping epigenetic features found.
2026-03-07 14:42:06,765 [INFO] [14/79] Checking ENCODE regulatory overlaps for rs174528...
2026-03-07 14:42:08,528 [INFO]    -> No overlapping epigenetic features found.
2026-03-07 14:42:08,630 [INFO] [15/79] Checking ENCODE regulatory overlaps for rs2804397...
2026-03-07 14:42:09,595 [INFO]    -> No overlapping epigenetic features found.
2026-03-07 14:42:09,697 [INFO] [16/79] Checking ENCODE regulatory overlaps for rs1047891...
2026-03-07 14:42:11,094 [INFO]    -> No overlapping epigenetic features found.
2026-03-07 14:42:11,195 [INFO] [17/79] Checking ENCODE regulatory overlaps for rs73355734...
2026-03-07 14:42:11,959 [INFO]    -> Found 1 ENCODE regulatory features!
2026-03-07 14:42:12,116 [INFO] [18/79] Checking ENCODE regulatory overlaps for rs62129966...
2026-03-07 14:42:13,133 [INFO] --- Starting ENCODE Epigenetic Integration (via Ensembl) ---
2026-03-07 14:42:13,136 [INFO] [1/79] Checking ENCODE regulatory overlaps for rs662138...
2026-03-07 14:42:13,872 [INFO]    -> No overlapping epigenetic features found.
2026-03-07 14:42:13,973 [INFO] [2/79] Checking ENCODE regulatory overlaps for rs603424...
2026-03-07 14:42:14,723 [INFO]    -> No overlapping epigenetic features found.
2026-03-07 14:42:14,825 [INFO] [3/79] Checking ENCODE regulatory overlaps for rs174546...
2026-03-07 14:43:38,217 [INFO] --- Starting ENCODE Epigenetic Integration (via Ensembl) ---
2026-03-07 14:43:38,218 [INFO] [1/79] Checking ENCODE regulatory overlaps for rs662138...
2026-03-07 14:43:38,922 [INFO]    -> No overlapping epigenetic features found.
2026-03-07 14:43:39,023 [INFO] [2/79] Checking ENCODE regulatory overlaps for rs603424...
2026-03-07 14:43:39,747 [INFO]    -> No overlapping epigenetic features found.
2026-03-07 14:43:39,848 [INFO] [3/79] Checking ENCODE regulatory overlaps for rs174546...
2026-03-07 14:43:40,721 [INFO]    -> No overlapping epigenetic features found.
2026-03-07 14:43:40,822 [INFO] [4/79] Checking ENCODE regulatory overlaps for rs174564...
2026-03-07 14:43:41,607 [INFO]    -> Found 1 ENCODE regulatory features!
2026-03-07 14:43:41,758 [INFO] [5/79] Checking ENCODE regulatory overlaps for rs174599...
2026-03-07 14:43:42,574 [INFO]    -> No overlapping epigenetic features found.
2026-03-07 14:43:42,675 [INFO] [6/79] Checking ENCODE regulatory overlaps for rs34400381...
2026-03-07 14:43:43,377 [INFO]    -> No overlapping epigenetic features found.
2026-03-07 14:43:43,479 [INFO] [7/79] Checking ENCODE regulatory overlaps for rs148982377...
2026-03-07 14:43:46,514 [INFO]    -> No overlapping epigenetic features found.
2026-03-07 14:43:46,615 [INFO] [8/79] Checking ENCODE regulatory overlaps for rs2472297...
2026-03-07 14:43:47,649 [INFO]    -> No overlapping epigenetic features found.
2026-03-07 14:43:47,813 [INFO] [9/79] Checking ENCODE regulatory overlaps for rs11211406...
2026-03-07 14:43:48,649 [INFO]    -> No overlapping epigenetic features found.
2026-03-07 14:43:48,750 [INFO] [10/79] Checking ENCODE regulatory overlaps for rs1165209...
2026-03-07 14:43:49,479 [INFO]    -> No overlapping epigenetic features found.
2026-03-07 14:43:49,581 [INFO] [11/79] Checking ENCODE regulatory overlaps for rs640777...
2026-03-07 14:43:50,313 [INFO]    -> No overlapping epigenetic features found.
2026-03-07 14:43:50,414 [INFO] [12/79] Checking ENCODE regulatory overlaps for rs1871194...
2026-03-07 14:43:51,186 [INFO]    -> No overlapping epigenetic features found.
2026-03-07 14:43:51,288 [INFO] [13/79] Checking ENCODE regulatory overlaps for rs2271060...
2026-03-07 14:43:52,016 [INFO]    -> No overlapping epigenetic features found.
2026-03-07 14:43:52,117 [INFO] [14/79] Checking ENCODE regulatory overlaps for rs174528...
2026-03-07 14:43:53,733 [INFO]    -> No overlapping epigenetic features found.
2026-03-07 14:43:53,834 [INFO] [15/79] Checking ENCODE regulatory overlaps for rs2804397...
2026-03-07 14:43:54,586 [INFO]    -> No overlapping epigenetic features found.
2026-03-07 14:43:54,688 [INFO] [16/79] Checking ENCODE regulatory overlaps for rs1047891...
2026-03-07 14:43:56,929 [INFO]    -> No overlapping epigenetic features found.
2026-03-07 14:43:57,031 [INFO] [17/79] Checking ENCODE regulatory overlaps for rs73355734...
2026-03-07 14:43:57,898 [INFO]    -> Found 1 ENCODE regulatory features!
2026-03-07 14:43:58,051 [INFO] [18/79] Checking ENCODE regulatory overlaps for rs62129966...
2026-03-07 14:44:00,053 [INFO]    -> No overlapping epigenetic features found.
2026-03-07 14:44:00,155 [INFO] [19/79] Checking ENCODE regulatory overlaps for rs2062541...
2026-03-07 14:44:01,440 [INFO]    -> Found 1 ENCODE regulatory features!
2026-03-07 14:44:01,598 [INFO] [20/79] Checking ENCODE regulatory overlaps for rs56398830...
2026-03-07 14:44:03,045 [INFO]    -> No overlapping epigenetic features found.
2026-03-07 14:44:03,147 [INFO] [21/79] Checking ENCODE regulatory overlaps for rs1495741...
2026-03-07 14:44:04,005 [INFO]    -> No overlapping epigenetic features found.
2026-03-07 14:44:04,107 [INFO] [22/79] Checking ENCODE regulatory overlaps for rs2130525...
2026-03-07 14:44:04,916 [INFO]    -> No overlapping epigenetic features found.
2026-03-07 14:44:05,018 [INFO] [23/79] Checking ENCODE regulatory overlaps for rs324420...
2026-03-07 14:44:06,743 [INFO]    -> No overlapping epigenetic features found.
2026-03-07 14:44:06,845 [INFO] [24/79] Checking ENCODE regulatory overlaps for rs4149026...
2026-03-07 14:44:08,601 [INFO]    -> No overlapping epigenetic features found.
2026-03-07 14:44:08,702 [INFO] [25/79] Checking ENCODE regulatory overlaps for rs4149056...
2026-03-07 14:44:10,223 [INFO]    -> No overlapping epigenetic features found.
2026-03-07 14:44:10,324 [INFO] [26/79] Checking ENCODE regulatory overlaps for rs102274...
2026-03-07 14:44:11,795 [INFO]    -> No overlapping epigenetic features found.
2026-03-07 14:44:11,896 [INFO] [27/79] Checking ENCODE regulatory overlaps for rs12356193...
2026-03-07 14:44:12,830 [INFO]    -> No overlapping epigenetic features found.
2026-03-07 14:44:12,932 [INFO] [28/79] Checking ENCODE regulatory overlaps for rs174568...
2026-03-07 14:44:14,698 [INFO]    -> No overlapping epigenetic features found.
2026-03-07 14:44:14,800 [INFO] [29/79] Checking ENCODE regulatory overlaps for rs61797339...
2026-03-07 14:44:18,548 [INFO]    -> Found 1 ENCODE regulatory features!
2026-03-07 14:44:18,706 [INFO] [30/79] Checking ENCODE regulatory overlaps for rs9295741...
2026-03-07 14:44:19,630 [INFO]    -> No overlapping epigenetic features found.
2026-03-07 14:44:19,731 [INFO] [31/79] Checking ENCODE regulatory overlaps for rs12127402...
2026-03-07 14:44:20,490 [INFO]    -> No overlapping epigenetic features found.
2026-03-07 14:44:20,592 [INFO] [32/79] Checking ENCODE regulatory overlaps for rs28415528...
2026-03-07 14:44:21,304 [INFO]    -> No overlapping epigenetic features found.
2026-03-07 14:44:21,406 [INFO] [33/79] Checking ENCODE regulatory overlaps for rs676683...
2026-03-07 14:44:22,119 [INFO]    -> No overlapping epigenetic features found.
2026-03-07 14:44:22,221 [INFO] [34/79] Checking ENCODE regulatory overlaps for rs151154986...
2026-03-07 14:44:23,547 [INFO]    -> No overlapping epigenetic features found.
2026-03-07 14:44:23,649 [INFO] [35/79] Checking ENCODE regulatory overlaps for rs2657879...
2026-03-07 14:44:25,321 [INFO]    -> No overlapping epigenetic features found.
2026-03-07 14:44:25,423 [INFO] [36/79] Checking ENCODE regulatory overlaps for rs6546861...
2026-03-07 14:44:26,126 [INFO]    -> No overlapping epigenetic features found.
2026-03-07 14:44:26,228 [INFO] [37/79] Checking ENCODE regulatory overlaps for rs60782127...
2026-03-07 14:44:27,714 [INFO]    -> No overlapping epigenetic features found.
2026-03-07 14:44:27,816 [INFO] [38/79] Checking ENCODE regulatory overlaps for rs9738226...
2026-03-07 14:44:28,651 [INFO]    -> No overlapping epigenetic features found.
2026-03-07 14:44:28,752 [INFO] [39/79] Checking ENCODE regulatory overlaps for rs9925773...
2026-03-07 14:44:29,491 [INFO]    -> No overlapping epigenetic features found.
2026-03-07 14:44:29,593 [INFO] [40/79] Checking ENCODE regulatory overlaps for rs2393791...
2026-03-07 14:44:30,330 [INFO]    -> No overlapping epigenetic features found.
2026-03-07 14:44:30,431 [INFO] [41/79] Checking ENCODE regulatory overlaps for rs56078223...
2026-03-07 14:44:31,143 [INFO]    -> No overlapping epigenetic features found.
2026-03-07 14:44:31,244 [INFO] [42/79] Checking ENCODE regulatory overlaps for rs1767447...
2026-03-07 14:44:32,661 [INFO]    -> Found 1 ENCODE regulatory features!
2026-03-07 14:44:32,818 [INFO] [43/79] Checking ENCODE regulatory overlaps for rs174584...
2026-03-07 14:44:33,529 [INFO]    -> No overlapping epigenetic features found.
2026-03-07 14:44:33,630 [INFO] [44/79] Checking ENCODE regulatory overlaps for rs4949674...
2026-03-07 14:44:34,354 [INFO]    -> No overlapping epigenetic features found.
2026-03-07 14:44:34,455 [INFO] [45/79] Checking ENCODE regulatory overlaps for rs17843966...
2026-03-07 14:44:35,179 [INFO]    -> No overlapping epigenetic features found.
2026-03-07 14:44:35,280 [INFO] [46/79] Checking ENCODE regulatory overlaps for rs12878001...
2026-03-07 14:44:36,033 [INFO]    -> No overlapping epigenetic features found.
2026-03-07 14:44:36,134 [INFO] [47/79] Checking ENCODE regulatory overlaps for rs7541058...
2026-03-07 14:44:36,847 [INFO]    -> No overlapping epigenetic features found.
2026-03-07 14:44:36,948 [INFO] [48/79] Checking ENCODE regulatory overlaps for rs72738356...
2026-03-07 14:44:37,682 [INFO]    -> No overlapping epigenetic features found.
2026-03-07 14:44:37,783 [INFO] [49/79] Checking ENCODE regulatory overlaps for rs2328895...
2026-03-07 14:44:38,513 [INFO]    -> No overlapping epigenetic features found.
2026-03-07 14:44:38,615 [INFO] [50/79] Checking ENCODE regulatory overlaps for rs1260326...
2026-03-07 14:44:39,729 [INFO]    -> No overlapping epigenetic features found.
2026-03-07 14:44:39,830 [INFO] [51/79] Checking ENCODE regulatory overlaps for rs112997117...
2026-03-07 14:44:40,639 [INFO]    -> No overlapping epigenetic features found.
2026-03-07 14:44:40,741 [INFO] [52/79] Checking ENCODE regulatory overlaps for rs35630725;rs1890452...
2026-03-07 14:44:41,084 [INFO]    -> Could not find genomic coordinates for rs35630725;rs1890452.
2026-03-07 14:44:41,185 [INFO] [53/79] Checking ENCODE regulatory overlaps for rs924135...
2026-03-07 14:44:42,688 [INFO]    -> Found 1 ENCODE regulatory features!
2026-03-07 14:44:42,843 [INFO] [54/79] Checking ENCODE regulatory overlaps for rs34048349...
2026-03-07 14:44:43,566 [INFO]    -> No overlapping epigenetic features found.
2026-03-07 14:44:43,667 [INFO] [55/79] Checking ENCODE regulatory overlaps for rs174565...
2026-03-07 14:44:45,244 [INFO]    -> No overlapping epigenetic features found.
2026-03-07 14:44:45,345 [INFO] [56/79] Checking ENCODE regulatory overlaps for rs102275...
2026-03-07 14:44:46,056 [INFO]    -> No overlapping epigenetic features found.
2026-03-07 14:44:46,158 [INFO] [57/79] Checking ENCODE regulatory overlaps for rs12074806...
2026-03-07 14:44:46,857 [INFO]    -> No overlapping epigenetic features found.
2026-03-07 14:44:46,958 [INFO] [58/79] Checking ENCODE regulatory overlaps for rs9379992...
2026-03-07 14:44:47,689 [INFO]    -> No overlapping epigenetic features found.
2026-03-07 14:44:47,789 [INFO] [59/79] Checking ENCODE regulatory overlaps for rs174560...
2026-03-07 14:44:48,647 [INFO]    -> Found 1 ENCODE regulatory features!
2026-03-07 14:44:48,807 [INFO] [60/79] Checking ENCODE regulatory overlaps for rs174554...
2026-03-07 14:44:49,508 [INFO]    -> No overlapping epigenetic features found.
2026-03-07 14:44:49,609 [INFO] [61/79] Checking ENCODE regulatory overlaps for rs7573275...
2026-03-07 14:44:50,373 [INFO]    -> No overlapping epigenetic features found.
2026-03-07 14:44:50,475 [INFO] [62/79] Checking ENCODE regulatory overlaps for rs964184...
2026-03-07 14:44:51,230 [INFO]    -> No overlapping epigenetic features found.
2026-03-07 14:44:51,331 [INFO] [63/79] Checking ENCODE regulatory overlaps for rs270607...
2026-03-07 14:44:52,869 [INFO]    -> No overlapping epigenetic features found.
2026-03-07 14:44:52,969 [INFO] [64/79] Checking ENCODE regulatory overlaps for rs10426201...
2026-03-07 14:44:53,684 [INFO]    -> No overlapping epigenetic features found.
2026-03-07 14:44:53,785 [INFO] [65/79] Checking ENCODE regulatory overlaps for rs4507958...
2026-03-07 14:44:54,505 [INFO]    -> No overlapping epigenetic features found.
2026-03-07 14:44:54,606 [INFO] [66/79] Checking ENCODE regulatory overlaps for rs7157785...
2026-03-07 14:44:55,337 [INFO]    -> No overlapping epigenetic features found.
2026-03-07 14:44:55,438 [INFO] [67/79] Checking ENCODE regulatory overlaps for rs1321940...
2026-03-07 14:44:56,347 [INFO]    -> No overlapping epigenetic features found.
2026-03-07 14:44:56,449 [INFO] [68/79] Checking ENCODE regulatory overlaps for rs7533888...
2026-03-07 14:44:57,186 [INFO]    -> No overlapping epigenetic features found.
2026-03-07 14:44:57,288 [INFO] [69/79] Checking ENCODE regulatory overlaps for rs77420750...
2026-03-07 14:44:58,197 [INFO]    -> No overlapping epigenetic features found.
2026-03-07 14:44:58,298 [INFO] [70/79] Checking ENCODE regulatory overlaps for rs17101394...
2026-03-07 14:44:59,017 [INFO]    -> No overlapping epigenetic features found.
2026-03-07 14:44:59,118 [INFO] [71/79] Checking ENCODE regulatory overlaps for rs7523082...
2026-03-07 14:44:59,824 [INFO]    -> No overlapping epigenetic features found.
2026-03-07 14:44:59,925 [INFO] [72/79] Checking ENCODE regulatory overlaps for rs34760583;rs200076830...
2026-03-07 14:45:00,253 [INFO]    -> Could not find genomic coordinates for rs34760583;rs200076830.
2026-03-07 14:45:00,360 [INFO] [73/79] Checking ENCODE regulatory overlaps for rs2185152...
2026-03-07 14:45:01,068 [INFO]    -> No overlapping epigenetic features found.
2026-03-07 14:45:01,169 [INFO] [74/79] Checking ENCODE regulatory overlaps for rs4804290...
2026-03-07 14:45:01,906 [INFO]    -> No overlapping epigenetic features found.
2026-03-07 14:45:02,007 [INFO] [75/79] Checking ENCODE regulatory overlaps for rs1177442...
2026-03-07 14:45:02,759 [INFO]    -> No overlapping epigenetic features found.
2026-03-07 14:45:02,861 [INFO] [76/79] Checking ENCODE regulatory overlaps for rs75406471...
2026-03-07 14:45:03,617 [INFO]    -> No overlapping epigenetic features found.
2026-03-07 14:45:03,718 [INFO] [77/79] Checking ENCODE regulatory overlaps for rs4881413...
2026-03-07 14:45:04,452 [INFO]    -> No overlapping epigenetic features found.
2026-03-07 14:45:04,554 [INFO] [78/79] Checking ENCODE regulatory overlaps for rs2151901...
2026-03-07 14:45:05,596 [INFO]    -> No overlapping epigenetic features found.
2026-03-07 14:45:05,697 [INFO] [79/79] Checking ENCODE regulatory overlaps for rs61741519...
2026-03-07 14:45:06,435 [INFO]    -> No overlapping epigenetic features found.
2026-03-07 14:45:06,536 [INFO] --- ENCODE Integration Complete ---
