2026-03-07 19:56:13,164 [INFO] --- Starting GWAS Catalog Integration (v2 API) ---
2026-03-07 19:56:13,165 [INFO] [1/65] Fetching v2 associations for rs964184...
2026-03-07 19:56:14,479 [INFO]    -> Found 10 significant associations!
2026-03-07 19:56:14,583 [INFO] [2/65] Fetching v2 associations for rs1902023...
2026-03-07 19:56:15,758 [INFO]    -> Found 10 significant associations!
2026-03-07 19:56:15,862 [INFO] [3/65] Fetching v2 associations for rs148982377...
2026-03-07 19:56:16,987 [INFO]    -> Found 10 significant associations!
2026-03-07 19:56:17,090 [INFO] [4/65] Fetching v2 associations for rs34048349...
2026-03-07 19:56:17,958 [INFO]    -> Found 1 significant associations!
2026-03-07 19:56:18,059 [INFO] [5/65] Fetching v2 associations for rs174536...
2026-03-07 19:56:19,000 [INFO]    -> Found 10 significant associations!
2026-03-07 19:56:19,103 [INFO] [6/65] Fetching v2 associations for rs7412...
2026-03-07 19:56:20,097 [INFO]    -> Found 10 significant associations!
2026-03-07 19:56:20,200 [INFO] [7/65] Fetching v2 associations for rs780093...
2026-03-07 19:56:21,121 [INFO]    -> Found 10 significant associations!
2026-03-07 19:56:21,225 [INFO] [8/65] Fetching v2 associations for rs174533...
2026-03-07 19:56:22,134 [INFO]    -> Found 10 significant associations!
2026-03-07 19:56:22,245 [INFO] [9/65] Fetching v2 associations for rs4507958...
2026-03-07 19:56:23,331 [INFO]    -> Found 10 significant associations!
2026-03-07 19:56:23,434 [INFO] [10/65] Fetching v2 associations for rs174547...
2026-03-07 19:56:24,400 [INFO]    -> Found 10 significant associations!
2026-03-07 19:56:24,506 [INFO] [11/65] Fetching v2 associations for rs9366722...
2026-03-07 19:56:25,195 [INFO]    -> Found 1 significant associations!
2026-03-07 19:56:25,296 [INFO] [12/65] Fetching v2 associations for rs4814176...
2026-03-07 19:56:26,274 [INFO]    -> Found 10 significant associations!
2026-03-07 19:56:26,378 [INFO] [13/65] Fetching v2 associations for rs1260326...
2026-03-07 19:56:27,348 [INFO]    -> Found 10 significant associations!
2026-03-07 19:56:27,451 [INFO] [14/65] Fetching v2 associations for rs1146646...
2026-03-07 19:56:27,980 [INFO]    -> No associated traits found in the GWAS Catalog for this SNP.
2026-03-07 19:56:28,080 [INFO] [15/65] Fetching v2 associations for rs28415528...
2026-03-07 19:56:29,051 [INFO]    -> Found 10 significant associations!
2026-03-07 19:56:29,155 [INFO] [16/65] Fetching v2 associations for rs4705857...
2026-03-07 19:56:29,907 [INFO]    -> Found 2 significant associations!
2026-03-07 19:56:30,009 [INFO] [17/65] Fetching v2 associations for rs270607...
2026-03-07 19:56:30,545 [INFO]    -> No associated traits found in the GWAS Catalog for this SNP.
2026-03-07 19:56:30,646 [INFO] [18/65] Fetching v2 associations for rs603424...
2026-03-07 19:56:31,596 [INFO]    -> Found 10 significant associations!
2026-03-07 19:56:31,700 [INFO] [19/65] Fetching v2 associations for rs174546...
2026-03-07 19:56:32,668 [INFO]    -> Found 10 significant associations!
2026-03-07 19:56:32,773 [INFO] [20/65] Fetching v2 associations for rs174564...
2026-03-07 19:56:33,742 [INFO]    -> Found 10 significant associations!
2026-03-07 19:56:33,846 [INFO] [21/65] Fetching v2 associations for rs662138...
2026-03-07 19:56:34,781 [INFO]    -> Found 10 significant associations!
2026-03-07 19:56:34,884 [INFO] [22/65] Fetching v2 associations for rs2185152...
2026-03-07 19:56:35,736 [INFO]    -> Found 7 significant associations!
2026-03-07 19:56:35,839 [INFO] [23/65] Fetching v2 associations for rs13320...
2026-03-07 19:56:36,345 [INFO]    -> No associated traits found in the GWAS Catalog for this SNP.
2026-03-07 19:56:36,446 [INFO] [24/65] Fetching v2 associations for rs72551330...
2026-03-07 19:56:37,371 [INFO]    -> Found 10 significant associations!
2026-03-07 19:56:37,475 [INFO] [25/65] Fetching v2 associations for rs112997117...
2026-03-07 19:56:38,187 [INFO]    -> Found 3 significant associations!
2026-03-07 19:56:38,289 [INFO] [26/65] Fetching v2 associations for rs62129966...
2026-03-07 19:56:39,183 [INFO]    -> Found 10 significant associations!
2026-03-07 19:56:39,287 [INFO] [27/65] Fetching v2 associations for rs1910802...
2026-03-07 19:56:39,925 [INFO]    -> Found 1 significant associations!
2026-03-07 19:56:40,027 [INFO] [28/65] Fetching v2 associations for rs102275...
2026-03-07 19:56:40,892 [INFO]    -> Found 10 significant associations!
2026-03-07 19:56:40,995 [INFO] [29/65] Fetching v2 associations for rs324420...
2026-03-07 19:56:41,896 [INFO]    -> Found 10 significant associations!
2026-03-07 19:56:42,000 [INFO] [30/65] Fetching v2 associations for rs174566...
2026-03-07 19:56:42,904 [INFO]    -> Found 10 significant associations!
2026-03-07 19:56:43,009 [INFO] [31/65] Fetching v2 associations for rs1440581...
2026-03-07 19:56:43,880 [INFO]    -> Found 10 significant associations!
2026-03-07 19:56:43,983 [INFO] [32/65] Fetching v2 associations for rs3798707...
2026-03-07 19:56:44,617 [INFO]    -> Found 1 significant associations!
2026-03-07 19:56:44,718 [INFO] [33/65] Fetching v2 associations for rs10835063...
2026-03-07 19:56:45,385 [INFO]    -> Found 1 significant associations!
2026-03-07 19:56:45,486 [INFO] [34/65] Fetching v2 associations for rs12356193...
2026-03-07 19:56:46,261 [INFO]    -> Found 6 significant associations!
2026-03-07 19:56:46,363 [INFO] [35/65] Fetching v2 associations for rs99780...
2026-03-07 19:56:47,261 [INFO]    -> Found 10 significant associations!
2026-03-07 19:56:47,365 [INFO] [36/65] Fetching v2 associations for rs6593514...
2026-03-07 19:56:47,756 [INFO]    -> No associated traits found in the GWAS Catalog for this SNP.
2026-03-07 19:56:47,857 [INFO] [37/65] Fetching v2 associations for rs2231142...
2026-03-07 19:56:48,774 [INFO]    -> Found 10 significant associations!
2026-03-07 19:56:48,878 [INFO] [38/65] Fetching v2 associations for rs8736...
2026-03-07 19:56:49,747 [INFO]    -> Found 10 significant associations!
2026-03-07 19:56:49,850 [INFO] [39/65] Fetching v2 associations for rs55804858...
2026-03-07 19:56:50,486 [INFO]    -> Found 1 significant associations!
2026-03-07 19:56:50,587 [INFO] [40/65] Fetching v2 associations for rs7524467...
2026-03-07 19:56:51,247 [INFO]    -> Found 1 significant associations!
2026-03-07 19:56:51,349 [INFO] [41/65] Fetching v2 associations for rs79983684...
2026-03-07 19:56:51,733 [INFO]    -> No associated traits found in the GWAS Catalog for this SNP.
2026-03-07 19:56:51,834 [INFO] [42/65] Fetching v2 associations for rs4149056...
2026-03-07 19:56:52,723 [INFO]    -> Found 10 significant associations!
2026-03-07 19:56:52,827 [INFO] [43/65] Fetching v2 associations for rs1871194...
2026-03-07 19:56:53,544 [INFO]    -> Found 3 significant associations!
2026-03-07 19:56:53,647 [INFO] [44/65] Fetching v2 associations for rs686548...
2026-03-07 19:56:54,507 [INFO]    -> Found 10 significant associations!
2026-03-07 19:56:54,610 [INFO] [45/65] Fetching v2 associations for rs148925835...
2026-03-07 19:56:54,988 [INFO]    -> No associated traits found in the GWAS Catalog for this SNP.
2026-03-07 19:56:55,089 [INFO] [46/65] Fetching v2 associations for rs151154986...
2026-03-07 19:56:55,949 [INFO]    -> Found 10 significant associations!
2026-03-07 19:56:56,052 [INFO] [47/65] Fetching v2 associations for rs62317882...
2026-03-07 19:56:56,743 [INFO]    -> Found 3 significant associations!
2026-03-07 19:56:56,845 [INFO] [48/65] Fetching v2 associations for rs28456...
2026-03-07 19:56:57,712 [INFO]    -> Found 10 significant associations!
2026-03-07 19:56:57,815 [INFO] [49/65] Fetching v2 associations for rs1495743...
2026-03-07 19:56:58,672 [INFO]    -> Found 10 significant associations!
2026-03-07 19:56:58,775 [INFO] [50/65] Fetching v2 associations for rs56113850...
2026-03-07 19:56:59,636 [INFO]    -> Found 10 significant associations!
2026-03-07 19:56:59,739 [INFO] [51/65] Fetching v2 associations for rs61797339...
2026-03-07 19:57:00,561 [INFO]    -> Found 8 significant associations!
2026-03-07 19:57:00,664 [INFO] [52/65] Fetching v2 associations for rs11689392...
2026-03-07 19:57:01,164 [INFO]    -> No associated traits found in the GWAS Catalog for this SNP.
2026-03-07 19:57:01,265 [INFO] [53/65] Fetching v2 associations for rs968567...
2026-03-07 19:57:02,123 [INFO]    -> Found 10 significant associations!
2026-03-07 19:57:02,226 [INFO] [54/65] Fetching v2 associations for rs174548...
2026-03-07 19:57:03,120 [INFO]    -> Found 10 significant associations!
2026-03-07 19:57:03,225 [INFO] [55/65] Fetching v2 associations for rs174554...
2026-03-07 19:57:04,133 [INFO]    -> Found 10 significant associations!
2026-03-07 19:57:04,240 [INFO] [56/65] Fetching v2 associations for rs174537...
2026-03-07 19:57:05,129 [INFO]    -> Found 10 significant associations!
2026-03-07 19:57:05,232 [INFO] [57/65] Fetching v2 associations for rs1165152...
2026-03-07 19:57:06,127 [INFO]    -> Found 10 significant associations!
2026-03-07 19:57:06,232 [INFO] [58/65] Fetching v2 associations for rs151228...
2026-03-07 19:57:06,954 [INFO]    -> Found 4 significant associations!
2026-03-07 19:57:07,056 [INFO] [59/65] Fetching v2 associations for rs174568...
2026-03-07 19:57:08,019 [INFO]    -> Found 10 significant associations!
2026-03-07 19:57:08,123 [INFO] [60/65] Fetching v2 associations for rs1047891...
2026-03-07 19:57:09,119 [INFO]    -> Found 10 significant associations!
2026-03-07 19:57:09,223 [INFO] [61/65] Fetching v2 associations for rs7111570...
2026-03-07 19:57:09,942 [INFO]    -> Found 4 significant associations!
2026-03-07 19:57:10,045 [INFO] [62/65] Fetching v2 associations for rs17101394...
2026-03-07 19:57:10,921 [INFO]    -> Found 10 significant associations!
2026-03-07 19:57:11,024 [INFO] [63/65] Fetching v2 associations for rs174570...
2026-03-07 19:57:11,903 [INFO]    -> Found 10 significant associations!
2026-03-07 19:57:12,006 [INFO] [64/65] Fetching v2 associations for rs113860908...
2026-03-07 19:57:12,388 [INFO]    -> No associated traits found in the GWAS Catalog for this SNP.
2026-03-07 19:57:12,489 [INFO] [65/65] Fetching v2 associations for rs174560...
2026-03-07 19:57:13,478 [INFO]    -> Found 10 significant associations!
2026-03-07 19:57:13,583 [INFO] --- GWAS Integration Complete ---
2026-03-07 19:57:13,599 [INFO] Saved mapping report to ../output/gwas_mapping_report.csv
2026-03-07 19:59:20,534 [INFO] --- Starting ENCODE Epigenetic Integration (via Ensembl) ---
2026-03-07 19:59:20,535 [INFO] [1/65] Checking ENCODE regulatory overlaps for rs964184...
2026-03-07 19:59:47,564 [INFO]    -> No overlapping epigenetic features found.
2026-03-07 19:59:47,665 [INFO] [2/65] Checking ENCODE regulatory overlaps for rs1902023...
2026-03-07 20:00:01,882 [INFO]    -> No overlapping epigenetic features found.
2026-03-07 20:00:01,984 [INFO] [3/65] Checking ENCODE regulatory overlaps for rs148982377...
2026-03-07 20:00:11,638 [INFO]    -> No overlapping epigenetic features found.
2026-03-07 20:00:11,739 [INFO] [4/65] Checking ENCODE regulatory overlaps for rs34048349...
2026-03-07 20:00:31,453 [INFO]    -> No overlapping epigenetic features found.
2026-03-07 20:00:31,554 [INFO] [5/65] Checking ENCODE regulatory overlaps for rs174536...
2026-03-07 20:00:35,044 [INFO]    -> No overlapping epigenetic features found.
2026-03-07 20:00:35,145 [INFO] [6/65] Checking ENCODE regulatory overlaps for rs7412...
2026-03-07 20:00:38,218 [INFO]    -> No overlapping epigenetic features found.
2026-03-07 20:00:38,319 [INFO] [7/65] Checking ENCODE regulatory overlaps for rs780093...
2026-03-07 20:00:41,449 [INFO]    -> No overlapping epigenetic features found.
2026-03-07 20:00:41,549 [INFO] [8/65] Checking ENCODE regulatory overlaps for rs174533...
2026-03-07 20:00:45,349 [INFO]    -> No overlapping epigenetic features found.
2026-03-07 20:00:45,450 [INFO] [9/65] Checking ENCODE regulatory overlaps for rs4507958...
2026-03-07 20:01:51,923 [INFO]    -> No overlapping epigenetic features found.
2026-03-07 20:01:52,024 [INFO] [10/65] Checking ENCODE regulatory overlaps for rs174547...
2026-03-07 20:02:07,551 [INFO]    -> No overlapping epigenetic features found.
2026-03-07 20:02:07,652 [INFO] [11/65] Checking ENCODE regulatory overlaps for rs9366722...
2026-03-07 20:02:18,729 [INFO]    -> No overlapping epigenetic features found.
2026-03-07 20:02:18,831 [INFO] [12/65] Checking ENCODE regulatory overlaps for rs4814176...
2026-03-07 20:02:23,175 [INFO]    -> No overlapping epigenetic features found.
2026-03-07 20:02:23,276 [INFO] [13/65] Checking ENCODE regulatory overlaps for rs1260326...
2026-03-07 20:02:31,020 [INFO]    -> No overlapping epigenetic features found.
2026-03-07 20:02:31,121 [INFO] [14/65] Checking ENCODE regulatory overlaps for rs1146646...
2026-03-07 20:02:35,573 [INFO]    -> No overlapping epigenetic features found.
2026-03-07 20:02:35,674 [INFO] [15/65] Checking ENCODE regulatory overlaps for rs28415528...
2026-03-07 20:02:36,419 [INFO]    -> No overlapping epigenetic features found.
2026-03-07 20:02:36,520 [INFO] [16/65] Checking ENCODE regulatory overlaps for rs4705857...
2026-03-07 20:02:38,431 [INFO]    -> No overlapping epigenetic features found.
2026-03-07 20:02:38,532 [INFO] [17/65] Checking ENCODE regulatory overlaps for rs270607...
2026-03-07 20:02:45,809 [INFO]    -> No overlapping epigenetic features found.
2026-03-07 20:02:45,910 [INFO] [18/65] Checking ENCODE regulatory overlaps for rs603424...
2026-03-07 20:02:46,805 [INFO]    -> No overlapping epigenetic features found.
2026-03-07 20:02:46,906 [INFO] [19/65] Checking ENCODE regulatory overlaps for rs174546...
2026-03-07 20:02:49,191 [INFO]    -> No overlapping epigenetic features found.
2026-03-07 20:02:49,291 [INFO] [20/65] Checking ENCODE regulatory overlaps for rs174564...
2026-03-07 20:02:54,657 [INFO]    -> Found 1 ENCODE regulatory features!
2026-03-07 20:02:54,809 [INFO] [21/65] Checking ENCODE regulatory overlaps for rs662138...
2026-03-07 20:03:15,340 [INFO]    -> No overlapping epigenetic features found.
2026-03-07 20:03:15,442 [INFO] [22/65] Checking ENCODE regulatory overlaps for rs2185152...
2026-03-07 20:03:18,123 [INFO]    -> No overlapping epigenetic features found.
2026-03-07 20:03:18,224 [INFO] [23/65] Checking ENCODE regulatory overlaps for rs13320...
2026-03-07 20:03:26,911 [INFO]    -> No overlapping epigenetic features found.
2026-03-07 20:03:27,012 [INFO] [24/65] Checking ENCODE regulatory overlaps for rs72551330...
2026-03-07 20:03:29,181 [INFO]    -> No overlapping epigenetic features found.
2026-03-07 20:03:29,282 [INFO] [25/65] Checking ENCODE regulatory overlaps for rs112997117...
2026-03-07 20:03:30,077 [INFO]    -> No overlapping epigenetic features found.
2026-03-07 20:03:30,178 [INFO] [26/65] Checking ENCODE regulatory overlaps for rs62129966...
2026-03-07 20:03:33,298 [INFO]    -> No overlapping epigenetic features found.
2026-03-07 20:03:33,400 [INFO] [27/65] Checking ENCODE regulatory overlaps for rs1910802...
2026-03-07 20:03:39,934 [INFO]    -> No overlapping epigenetic features found.
2026-03-07 20:03:40,035 [INFO] [28/65] Checking ENCODE regulatory overlaps for rs102275...
2026-03-07 20:04:37,732 [INFO]    -> No overlapping epigenetic features found.
2026-03-07 20:04:37,833 [INFO] [29/65] Checking ENCODE regulatory overlaps for rs324420...
2026-03-07 20:04:53,269 [INFO]    -> No overlapping epigenetic features found.
2026-03-07 20:04:53,370 [INFO] [30/65] Checking ENCODE regulatory overlaps for rs174566...
2026-03-07 20:04:54,142 [INFO]    -> No overlapping epigenetic features found.
2026-03-07 20:04:54,243 [INFO] [31/65] Checking ENCODE regulatory overlaps for rs1440581...
2026-03-07 20:04:54,958 [INFO]    -> No overlapping epigenetic features found.
2026-03-07 20:04:55,059 [INFO] [32/65] Checking ENCODE regulatory overlaps for rs3798707...
2026-03-07 20:04:55,804 [INFO]    -> No overlapping epigenetic features found.
2026-03-07 20:04:55,906 [INFO] [33/65] Checking ENCODE regulatory overlaps for rs10835063...
2026-03-07 20:04:56,630 [INFO]    -> No overlapping epigenetic features found.
2026-03-07 20:04:56,731 [INFO] [34/65] Checking ENCODE regulatory overlaps for rs12356193...
2026-03-07 20:05:00,620 [INFO]    -> No overlapping epigenetic features found.
2026-03-07 20:05:00,721 [INFO] [35/65] Checking ENCODE regulatory overlaps for rs99780...
2026-03-07 20:05:11,478 [INFO]    -> No overlapping epigenetic features found.
2026-03-07 20:05:11,579 [INFO] [36/65] Checking ENCODE regulatory overlaps for rs6593514...
2026-03-07 20:05:13,429 [INFO]    -> No overlapping epigenetic features found.
2026-03-07 20:05:13,530 [INFO] [37/65] Checking ENCODE regulatory overlaps for rs2231142...
2026-03-07 20:05:23,842 [INFO]    -> No overlapping epigenetic features found.
2026-03-07 20:05:23,943 [INFO] [38/65] Checking ENCODE regulatory overlaps for rs8736...
2026-03-07 20:05:29,100 [INFO]    -> Found 1 ENCODE regulatory features!
2026-03-07 20:05:29,251 [INFO] [39/65] Checking ENCODE regulatory overlaps for rs55804858...
2026-03-07 20:05:41,950 [INFO]    -> No overlapping epigenetic features found.
2026-03-07 20:05:42,051 [INFO] [40/65] Checking ENCODE regulatory overlaps for rs7524467...
2026-03-07 20:05:42,904 [INFO]    -> No overlapping epigenetic features found.
2026-03-07 20:05:43,005 [INFO] [41/65] Checking ENCODE regulatory overlaps for rs79983684...
2026-03-07 20:05:44,051 [INFO]    -> No overlapping epigenetic features found.
2026-03-07 20:05:44,152 [INFO] [42/65] Checking ENCODE regulatory overlaps for rs4149056...
2026-03-07 20:05:47,741 [INFO]    -> No overlapping epigenetic features found.
2026-03-07 20:05:47,842 [INFO] [43/65] Checking ENCODE regulatory overlaps for rs1871194...
2026-03-07 20:05:58,201 [INFO]    -> No overlapping epigenetic features found.
2026-03-07 20:05:58,302 [INFO] [44/65] Checking ENCODE regulatory overlaps for rs686548...
2026-03-07 20:05:59,128 [INFO]    -> No overlapping epigenetic features found.
2026-03-07 20:05:59,229 [INFO] [45/65] Checking ENCODE regulatory overlaps for rs148925835...
2026-03-07 20:06:00,370 [INFO]    -> No overlapping epigenetic features found.
2026-03-07 20:06:00,471 [INFO] [46/65] Checking ENCODE regulatory overlaps for rs151154986...
2026-03-07 20:06:03,839 [INFO]    -> No overlapping epigenetic features found.
2026-03-07 20:06:03,941 [INFO] [47/65] Checking ENCODE regulatory overlaps for rs62317882...
2026-03-07 20:06:05,534 [INFO]    -> No overlapping epigenetic features found.
2026-03-07 20:06:05,636 [INFO] [48/65] Checking ENCODE regulatory overlaps for rs28456...
2026-03-07 20:06:06,492 [INFO]    -> No overlapping epigenetic features found.
2026-03-07 20:06:06,594 [INFO] [49/65] Checking ENCODE regulatory overlaps for rs1495743...
2026-03-07 20:06:08,655 [INFO]    -> No overlapping epigenetic features found.
2026-03-07 20:06:08,756 [INFO] [50/65] Checking ENCODE regulatory overlaps for rs56113850...
2026-03-07 20:06:13,681 [INFO]    -> No overlapping epigenetic features found.
2026-03-07 20:06:13,782 [INFO] [51/65] Checking ENCODE regulatory overlaps for rs61797339...
2026-03-07 20:06:14,660 [INFO]    -> Found 1 ENCODE regulatory features!
2026-03-07 20:06:14,811 [INFO] [52/65] Checking ENCODE regulatory overlaps for rs11689392...
2026-03-07 20:06:17,853 [INFO]    -> No overlapping epigenetic features found.
2026-03-07 20:06:17,954 [INFO] [53/65] Checking ENCODE regulatory overlaps for rs968567...
2026-03-07 20:07:09,340 [INFO]    -> Found 1 ENCODE regulatory features!
2026-03-07 20:07:09,491 [INFO] [54/65] Checking ENCODE regulatory overlaps for rs174548...
2026-03-07 20:07:10,270 [INFO]    -> No overlapping epigenetic features found.
2026-03-07 20:07:10,372 [INFO] [55/65] Checking ENCODE regulatory overlaps for rs174554...
2026-03-07 20:07:15,304 [INFO]    -> No overlapping epigenetic features found.
2026-03-07 20:07:15,405 [INFO] [56/65] Checking ENCODE regulatory overlaps for rs174537...
2026-03-07 20:07:20,244 [INFO]    -> No overlapping epigenetic features found.
2026-03-07 20:07:20,345 [INFO] [57/65] Checking ENCODE regulatory overlaps for rs1165152...
2026-03-07 20:07:28,035 [INFO]    -> No overlapping epigenetic features found.
2026-03-07 20:07:28,136 [INFO] [58/65] Checking ENCODE regulatory overlaps for rs151228...
2026-03-07 20:07:29,290 [INFO]    -> No overlapping epigenetic features found.
2026-03-07 20:07:29,391 [INFO] [59/65] Checking ENCODE regulatory overlaps for rs174568...
2026-03-07 20:07:33,367 [INFO]    -> No overlapping epigenetic features found.
2026-03-07 20:07:33,468 [INFO] [60/65] Checking ENCODE regulatory overlaps for rs1047891...
2026-03-07 20:07:47,425 [INFO]    -> No overlapping epigenetic features found.
2026-03-07 20:07:47,526 [INFO] [61/65] Checking ENCODE regulatory overlaps for rs7111570...
2026-03-07 20:07:53,445 [INFO]    -> No overlapping epigenetic features found.
2026-03-07 20:07:53,546 [INFO] [62/65] Checking ENCODE regulatory overlaps for rs17101394...
2026-03-07 20:08:18,907 [INFO]    -> No overlapping epigenetic features found.
2026-03-07 20:08:19,009 [INFO] [63/65] Checking ENCODE regulatory overlaps for rs174570...
2026-03-07 20:08:48,710 [INFO]    -> No overlapping epigenetic features found.
2026-03-07 20:08:48,811 [INFO] [64/65] Checking ENCODE regulatory overlaps for rs113860908...
2026-03-07 20:08:52,269 [INFO]    -> No overlapping epigenetic features found.
2026-03-07 20:08:52,370 [INFO] [65/65] Checking ENCODE regulatory overlaps for rs174560...
2026-03-07 20:08:58,389 [INFO]    -> Found 1 ENCODE regulatory features!
2026-03-07 20:08:58,540 [INFO] --- ENCODE Integration Complete ---
2026-03-08 10:38:33,614 [INFO] --- Starting Reactome AnalysisService Integration for GENES ---
2026-03-08 10:38:33,726 [INFO] [1/193] Fetching pathways for ZNF259...
2026-03-08 10:38:34,408 [INFO]    -> No pathways found.
2026-03-08 10:38:34,509 [INFO] [2/193] Fetching pathways for ZKSCAN5...
2026-03-08 10:38:35,037 [INFO]    -> Found 15 pathways!
2026-03-08 10:38:35,206 [INFO] [3/193] Fetching pathways for PTCD1...
2026-03-08 10:38:35,725 [INFO]    -> No pathways found.
2026-03-08 10:38:35,827 [INFO] [4/193] Fetching pathways for ZNF655...
2026-03-08 10:38:36,350 [INFO]    -> Found 6 pathways!
2026-03-08 10:38:36,503 [INFO] [5/193] Fetching pathways for PILRB...
2026-03-08 10:38:37,015 [INFO]    -> Found 3 pathways!
2026-03-08 10:38:37,174 [INFO] [6/193] Fetching pathways for ATP5J2...
2026-03-08 10:38:37,691 [INFO]    -> Found 12 pathways!
2026-03-08 10:38:37,857 [INFO] [7/193] Fetching pathways for MOSPD3...
2026-03-08 10:38:38,384 [INFO]    -> No pathways found.
2026-03-08 10:38:38,485 [INFO] [8/193] Fetching pathways for TRIM4...
2026-03-08 10:38:38,999 [INFO]    -> Found 20 pathways!
2026-03-08 10:38:39,170 [INFO] [9/193] Fetching pathways for TECPR1...
2026-03-08 10:38:39,679 [INFO]    -> No pathways found.
2026-03-08 10:38:39,781 [INFO] [10/193] Fetching pathways for ARPC1A...
2026-03-08 10:38:40,322 [INFO]    -> Found 20 pathways!
2026-03-08 10:38:40,487 [INFO] [11/193] Fetching pathways for GS1-259H13.2...
2026-03-08 10:38:41,001 [INFO]    -> No pathways found.
2026-03-08 10:38:41,103 [INFO] [12/193] Fetching pathways for ZNF394...
2026-03-08 10:38:41,617 [INFO]    -> Found 12 pathways!
2026-03-08 10:38:41,771 [INFO] [13/193] Fetching pathways for ZCWPW1...
2026-03-08 10:38:42,313 [INFO]    -> No pathways found.
2026-03-08 10:38:42,415 [INFO] [14/193] Fetching pathways for ARPC1B...
2026-03-08 10:38:42,929 [INFO]    -> Found 20 pathways!
2026-03-08 10:38:43,083 [INFO] [15/193] Fetching pathways for CNPY4...
2026-03-08 10:38:43,617 [INFO]    -> No pathways found.
2026-03-08 10:38:43,724 [INFO] [16/193] Fetching pathways for BUD31...
2026-03-08 10:38:44,238 [INFO]    -> Found 20 pathways!
2026-03-08 10:38:44,400 [INFO] [17/193] Fetching pathways for CPSF4...
2026-03-08 10:38:44,920 [INFO]    -> Found 20 pathways!
2026-03-08 10:38:45,078 [INFO] [18/193] Fetching pathways for CYP3A7...
2026-03-08 10:38:45,591 [INFO]    -> Found 5 pathways!
2026-03-08 10:38:45,746 [INFO] [19/193] Fetching pathways for CYP3A5...
2026-03-08 10:38:46,258 [INFO]    -> Found 20 pathways!
2026-03-08 10:38:46,418 [INFO] [20/193] Fetching pathways for TFR2...
2026-03-08 10:38:46,965 [INFO]    -> Found 18 pathways!
2026-03-08 10:38:47,121 [INFO] [21/193] Fetching pathways for TSC22D4...
2026-03-08 10:38:47,670 [INFO]    -> Found 3 pathways!
2026-03-08 10:38:47,822 [INFO] [22/193] Fetching pathways for GPC2...
2026-03-08 10:38:48,390 [INFO]    -> Found 20 pathways!
2026-03-08 10:38:48,556 [INFO] [23/193] Fetching pathways for FADS1...
2026-03-08 10:38:49,221 [INFO]    -> Found 20 pathways!
2026-03-08 10:38:49,407 [INFO] [24/193] Fetching pathways for FADS2...
2026-03-08 10:38:50,136 [INFO]    -> Found 20 pathways!
2026-03-08 10:38:50,291 [INFO] [25/193] Fetching pathways for TMEM258...
2026-03-08 10:38:50,894 [INFO]    -> Found 20 pathways!
2026-03-08 10:38:51,053 [INFO] [26/193] Fetching pathways for FADS3...
2026-03-08 10:38:51,565 [INFO]    -> No pathways found.
2026-03-08 10:38:51,666 [INFO] [27/193] Fetching pathways for FEN1...
2026-03-08 10:38:52,320 [INFO]    -> Found 20 pathways!
2026-03-08 10:38:52,479 [INFO] [28/193] Fetching pathways for BEST1...
2026-03-08 10:38:53,339 [INFO]    -> Found 20 pathways!
2026-03-08 10:38:53,500 [INFO] [29/193] Fetching pathways for AC109828.1...
2026-03-08 10:38:54,300 [INFO]    -> No pathways found.
2026-03-08 10:38:54,401 [INFO] [30/193] Fetching pathways for ZNF512...
2026-03-08 10:38:54,962 [INFO]    -> No pathways found.
2026-03-08 10:38:55,064 [INFO] [31/193] Fetching pathways for AC093690.1...
2026-03-08 10:38:55,587 [INFO]    -> No pathways found.
2026-03-08 10:38:55,689 [INFO] [32/193] Fetching pathways for GTF3C2...
2026-03-08 10:38:56,304 [INFO]    -> Found 20 pathways!
2026-03-08 10:38:56,469 [INFO] [33/193] Fetching pathways for IFT172...
2026-03-08 10:38:56,984 [INFO]    -> Found 20 pathways!
2026-03-08 10:38:57,143 [INFO] [34/193] Fetching pathways for NRBP1...
2026-03-08 10:38:57,668 [INFO]    -> Found 9 pathways!
2026-03-08 10:38:57,821 [INFO] [35/193] Fetching pathways for PPM1G...
2026-03-08 10:38:58,396 [INFO]    -> No pathways found.
2026-03-08 10:38:58,497 [INFO] [36/193] Fetching pathways for TRIM54...
2026-03-08 10:38:59,086 [INFO]    -> Found 4 pathways!
2026-03-08 10:38:59,239 [INFO] [37/193] Fetching pathways for GPN1...
2026-03-08 10:38:59,805 [INFO]    -> No pathways found.
2026-03-08 10:38:59,906 [INFO] [38/193] Fetching pathways for CYP4A11...
2026-03-08 10:39:00,464 [INFO]    -> Found 14 pathways!
2026-03-08 10:39:00,619 [INFO] [39/193] Fetching pathways for TAL1...
2026-03-08 10:39:01,251 [INFO]    -> Found 20 pathways!
2026-03-08 10:39:01,407 [INFO] [40/193] Fetching pathways for CYP4A22...
2026-03-08 10:39:01,946 [INFO]    -> Found 20 pathways!
2026-03-08 10:39:02,101 [INFO] [41/193] Fetching pathways for CYP4Z1...
2026-03-08 10:39:02,682 [INFO]    -> No pathways found.
2026-03-08 10:39:02,785 [INFO] [42/193] Fetching pathways for ELOVL2...
2026-03-08 10:39:03,317 [INFO]    -> Found 20 pathways!
2026-03-08 10:39:03,471 [INFO] [43/193] Fetching pathways for SYCP2L...
2026-03-08 10:39:04,114 [INFO]    -> No pathways found.
2026-03-08 10:39:04,215 [INFO] [44/193] Fetching pathways for SPTLC3...
2026-03-08 10:39:04,770 [INFO]    -> Found 20 pathways!
2026-03-08 10:39:04,928 [INFO] [45/193] Fetching pathways for ISM1...
2026-03-08 10:39:05,464 [INFO]    -> Found 4 pathways!
2026-03-08 10:39:05,616 [INFO] [46/193] Fetching pathways for CRYZ...
2026-03-08 10:39:06,252 [INFO]    -> No pathways found.
2026-03-08 10:39:06,354 [INFO] [47/193] Fetching pathways for ACADM...
2026-03-08 10:39:07,054 [INFO]    -> Found 20 pathways!
2026-03-08 10:39:07,210 [INFO] [48/193] Fetching pathways for RABGGTB...
2026-03-08 10:39:07,894 [INFO]    -> Found 20 pathways!
2026-03-08 10:39:08,060 [INFO] [49/193] Fetching pathways for MSH4...
2026-03-08 10:39:08,703 [INFO]    -> Found 4 pathways!
2026-03-08 10:39:08,857 [INFO] [50/193] Fetching pathways for THEM4...
2026-03-08 10:39:09,448 [INFO]    -> Found 20 pathways!
2026-03-08 10:39:09,608 [INFO] [51/193] Fetching pathways for CTSS...
2026-03-08 10:39:10,128 [INFO]    -> Found 20 pathways!
2026-03-08 10:39:10,292 [INFO] [52/193] Fetching pathways for CTSK...
2026-03-08 10:39:10,923 [INFO]    -> Found 20 pathways!
2026-03-08 10:39:11,078 [INFO] [53/193] Fetching pathways for C2CD4D...
2026-03-08 10:39:11,606 [INFO]    -> No pathways found.
2026-03-08 10:39:11,708 [INFO] [54/193] Fetching pathways for S100A10...
2026-03-08 10:39:12,231 [INFO]    -> Found 14 pathways!
2026-03-08 10:39:12,384 [INFO] [55/193] Fetching pathways for RIIAD1...
2026-03-08 10:39:12,918 [INFO]    -> No pathways found.
2026-03-08 10:39:13,023 [INFO] [56/193] Fetching pathways for AC034220.3...
2026-03-08 10:39:13,533 [INFO]    -> No pathways found.
2026-03-08 10:39:13,634 [INFO] [57/193] Fetching pathways for SLC22A5...
2026-03-08 10:39:14,182 [INFO]    -> Found 20 pathways!
2026-03-08 10:39:14,338 [INFO] [58/193] Fetching pathways for SLC22A4...
2026-03-08 10:39:14,855 [INFO]    -> Found 20 pathways!
2026-03-08 10:39:15,008 [INFO] [59/193] Fetching pathways for P4HA2...
2026-03-08 10:39:15,524 [INFO]    -> Found 9 pathways!
2026-03-08 10:39:15,677 [INFO] [60/193] Fetching pathways for KIF3A...
2026-03-08 10:39:16,199 [INFO]    -> Found 20 pathways!
2026-03-08 10:39:16,356 [INFO] [61/193] Fetching pathways for PDLIM4...
2026-03-08 10:39:16,868 [INFO]    -> No pathways found.
2026-03-08 10:39:16,969 [INFO] [62/193] Fetching pathways for ACSL6...
2026-03-08 10:39:17,505 [INFO]    -> Found 20 pathways!
2026-03-08 10:39:17,662 [INFO] [63/193] Fetching pathways for CDC42SE2...
2026-03-08 10:39:18,208 [INFO]    -> Found 20 pathways!
2026-03-08 10:39:18,362 [INFO] [64/193] Fetching pathways for ABCC2...
2026-03-08 10:39:18,892 [INFO]    -> Found 20 pathways!
2026-03-08 10:39:19,046 [INFO] [65/193] Fetching pathways for SCD...
2026-03-08 10:39:19,563 [INFO]    -> Found 20 pathways!
2026-03-08 10:39:19,716 [INFO] [66/193] Fetching pathways for DNMBP...
2026-03-08 10:39:20,230 [INFO]    -> Found 20 pathways!
2026-03-08 10:39:20,385 [INFO] [67/193] Fetching pathways for BLOC1S2...
2026-03-08 10:39:20,912 [INFO]    -> No pathways found.
2026-03-08 10:39:21,014 [INFO] [68/193] Fetching pathways for STAG3...
2026-03-08 10:39:21,559 [INFO]    -> Found 4 pathways!
2026-03-08 10:39:21,712 [INFO] [69/193] Fetching pathways for PILRA...
2026-03-08 10:39:22,276 [INFO]    -> Found 15 pathways!
2026-03-08 10:39:22,431 [INFO] [70/193] Fetching pathways for ZNF789...
2026-03-08 10:39:22,979 [INFO]    -> No pathways found.
2026-03-08 10:39:23,082 [INFO] [71/193] Fetching pathways for SMURF1...
2026-03-08 10:39:23,683 [INFO]    -> Found 20 pathways!
2026-03-08 10:39:23,836 [INFO] [72/193] Fetching pathways for SLC22A1...
2026-03-08 10:39:24,755 [INFO]    -> Found 20 pathways!
2026-03-08 10:39:24,908 [INFO] [73/193] Fetching pathways for MRPL18...
2026-03-08 10:39:25,426 [INFO]    -> Found 20 pathways!
2026-03-08 10:39:25,581 [INFO] [74/193] Fetching pathways for SOD2...
2026-03-08 10:39:26,189 [INFO]    -> Found 20 pathways!
2026-03-08 10:39:26,342 [INFO] [75/193] Fetching pathways for S100A11...
2026-03-08 10:39:26,878 [INFO]    -> Found 20 pathways!
2026-03-08 10:39:27,032 [INFO] [76/193] Fetching pathways for SCARNA5...
2026-03-08 10:39:27,647 [INFO]    -> No pathways found.
2026-03-08 10:39:27,748 [INFO] [77/193] Fetching pathways for PKD2L1...
2026-03-08 10:39:28,265 [INFO]    -> No pathways found.
2026-03-08 10:39:28,366 [INFO] [78/193] Fetching pathways for NUCB1...
2026-03-08 10:39:28,968 [INFO]    -> Found 20 pathways!
2026-03-08 10:39:29,121 [INFO] [79/193] Fetching pathways for SULT2A1...
2026-03-08 10:39:29,932 [INFO]    -> Found 20 pathways!
2026-03-08 10:39:30,086 [INFO] [80/193] Fetching pathways for GLTSCR2...
2026-03-08 10:39:30,602 [INFO]    -> No pathways found.
2026-03-08 10:39:30,704 [INFO] [81/193] Fetching pathways for ERI2...
2026-03-08 10:39:31,263 [INFO]    -> No pathways found.
2026-03-08 10:39:31,364 [INFO] [82/193] Fetching pathways for ACSM5...
2026-03-08 10:39:31,880 [INFO]    -> Found 20 pathways!
2026-03-08 10:39:32,032 [INFO] [83/193] Fetching pathways for PDILT...
2026-03-08 10:39:32,549 [INFO]    -> No pathways found.
2026-03-08 10:39:32,650 [INFO] [84/193] Fetching pathways for ACSM3...
2026-03-08 10:39:33,190 [INFO]    -> Found 20 pathways!
2026-03-08 10:39:33,471 [INFO] [85/193] Fetching pathways for THUMPD1...
2026-03-08 10:39:34,010 [INFO]    -> Found 4 pathways!
2026-03-08 10:39:34,162 [INFO] [86/193] Fetching pathways for ACSM1...
2026-03-08 10:39:34,682 [INFO]    -> Found 20 pathways!
2026-03-08 10:39:34,839 [INFO] [87/193] Fetching pathways for AC004381.6...
2026-03-08 10:39:35,350 [INFO]    -> No pathways found.
2026-03-08 10:39:35,451 [INFO] [88/193] Fetching pathways for RAD54L...
2026-03-08 10:39:35,967 [INFO]    -> Found 11 pathways!
2026-03-08 10:39:36,126 [INFO] [89/193] Fetching pathways for TESK2...
2026-03-08 10:39:36,642 [INFO]    -> No pathways found.
2026-03-08 10:39:36,743 [INFO] [90/193] Fetching pathways for PRDX1...
2026-03-08 10:39:37,353 [INFO]    -> Found 20 pathways!
2026-03-08 10:39:38,080 [INFO] [91/193] Fetching pathways for FAAH...
2026-03-08 10:39:38,596 [INFO]    -> Found 20 pathways!
2026-03-08 10:39:38,748 [INFO] [92/193] Fetching pathways for PIK3R3...
2026-03-08 10:39:39,281 [INFO]    -> Found 20 pathways!
2026-03-08 10:39:39,433 [INFO] [93/193] Fetching pathways for NSUN4...
2026-03-08 10:39:39,947 [INFO]    -> Found 4 pathways!
2026-03-08 10:39:40,098 [INFO] [94/193] Fetching pathways for POMGNT1...
2026-03-08 10:39:40,620 [INFO]    -> Found 20 pathways!
2026-03-08 10:39:40,773 [INFO] [95/193] Fetching pathways for LURAP1...
2026-03-08 10:39:41,285 [INFO]    -> No pathways found.
2026-03-08 10:39:41,387 [INFO] [96/193] Fetching pathways for CCDC17...
2026-03-08 10:39:41,909 [INFO]    -> No pathways found.
2026-03-08 10:39:42,010 [INFO] [97/193] Fetching pathways for SLC22A6...
2026-03-08 10:39:42,531 [INFO]    -> Found 20 pathways!
2026-03-08 10:39:42,683 [INFO] [98/193] Fetching pathways for HSD17B11...
2026-03-08 10:39:43,215 [INFO]    -> Found 20 pathways!
2026-03-08 10:39:43,367 [INFO] [99/193] Fetching pathways for ABCG2...
2026-03-08 10:39:43,970 [INFO]    -> Found 20 pathways!
2026-03-08 10:39:44,122 [INFO] [100/193] Fetching pathways for PPM1K...
2026-03-08 10:39:44,641 [INFO]    -> Found 20 pathways!
2026-03-08 10:39:44,793 [INFO] [101/193] Fetching pathways for SLC16A9...
2026-03-08 10:39:45,306 [INFO]    -> No pathways found.
2026-03-08 10:39:45,408 [INFO] [102/193] Fetching pathways for TMC4...
2026-03-08 10:39:45,956 [INFO]    -> No pathways found.
2026-03-08 10:39:46,057 [INFO] [103/193] Fetching pathways for CNOT3...
2026-03-08 10:39:46,671 [INFO]    -> Found 20 pathways!
2026-03-08 10:39:46,823 [INFO] [104/193] Fetching pathways for TSEN34...
2026-03-08 10:39:47,367 [INFO]    -> Found 3 pathways!
2026-03-08 10:39:47,518 [INFO] [105/193] Fetching pathways for PRPF31...
2026-03-08 10:39:48,071 [INFO]    -> Found 12 pathways!
2026-03-08 10:39:48,222 [INFO] [106/193] Fetching pathways for LILRB2...
2026-03-08 10:39:48,840 [INFO]    -> Found 5 pathways!
2026-03-08 10:39:48,992 [INFO] [107/193] Fetching pathways for MBOAT7...
2026-03-08 10:39:49,579 [INFO]    -> Found 20 pathways!
2026-03-08 10:39:49,731 [INFO] [108/193] Fetching pathways for CHUK...
2026-03-08 10:39:50,257 [INFO]    -> Found 20 pathways!
2026-03-08 10:39:50,409 [INFO] [109/193] Fetching pathways for ENTPD7...
2026-03-08 10:39:50,982 [INFO]    -> Found 20 pathways!
2026-03-08 10:39:51,134 [INFO] [110/193] Fetching pathways for RAB3IL1...
2026-03-08 10:39:51,658 [INFO]    -> Found 20 pathways!
2026-03-08 10:39:51,810 [INFO] [111/193] Fetching pathways for ATG16L1...
2026-03-08 10:39:52,554 [INFO]    -> Found 12 pathways!
2026-03-08 10:39:52,708 [INFO] [112/193] Fetching pathways for UGT1A10...
2026-03-08 10:39:53,388 [INFO]    -> Found 6 pathways!
2026-03-08 10:39:53,539 [INFO] [113/193] Fetching pathways for UGT1A8...
2026-03-08 10:39:54,125 [INFO]    -> Found 20 pathways!
2026-03-08 10:39:54,277 [INFO] [114/193] Fetching pathways for UGT1A1...
2026-03-08 10:39:54,868 [INFO]    -> Found 20 pathways!
2026-03-08 10:39:55,021 [INFO] [115/193] Fetching pathways for UGT1A6...
2026-03-08 10:39:55,538 [INFO]    -> Found 20 pathways!
2026-03-08 10:39:55,690 [INFO] [116/193] Fetching pathways for MROH2A...
2026-03-08 10:39:56,229 [INFO]    -> No pathways found.
2026-03-08 10:39:56,331 [INFO] [117/193] Fetching pathways for LAMTOR4...
2026-03-08 10:39:56,852 [INFO]    -> Found 20 pathways!
2026-03-08 10:39:57,004 [INFO] [118/193] Fetching pathways for GATS...
2026-03-08 10:39:57,519 [INFO]    -> No pathways found.
2026-03-08 10:39:57,620 [INFO] [119/193] Fetching pathways for AP4M1...
2026-03-08 10:39:58,150 [INFO]    -> Found 20 pathways!
2026-03-08 10:39:58,302 [INFO] [120/193] Fetching pathways for GAL3ST4...
2026-03-08 10:39:58,810 [INFO]    -> No pathways found.
2026-03-08 10:39:58,911 [INFO] [121/193] Fetching pathways for THEM5...
2026-03-08 10:39:59,449 [INFO]    -> Found 20 pathways!
2026-03-08 10:39:59,601 [INFO] [122/193] Fetching pathways for C12orf39...
2026-03-08 10:40:00,106 [INFO]    -> No pathways found.
2026-03-08 10:40:00,207 [INFO] [123/193] Fetching pathways for CERS4...
2026-03-08 10:40:00,714 [INFO]    -> Found 20 pathways!
2026-03-08 10:40:00,866 [INFO] [124/193] Fetching pathways for NDUFA7...
2026-03-08 10:40:11,499 [ERROR] Request exception for NDUFA7: ('Connection aborted.', ConnectionResetError(10054, 'An existing connection was forcibly closed by the remote host', None, 10054, None))
2026-03-08 10:40:11,500 [INFO]    -> No pathways found.
2026-03-08 10:40:11,600 [INFO] [125/193] Fetching pathways for KANK3...
2026-03-08 10:40:12,225 [INFO]    -> No pathways found.
2026-03-08 10:40:12,326 [INFO] [126/193] Fetching pathways for CD320...
2026-03-08 10:40:12,886 [INFO]    -> Found 10 pathways!
2026-03-08 10:40:13,038 [INFO] [127/193] Fetching pathways for ACOT2...
2026-03-08 10:40:13,552 [INFO]    -> Found 20 pathways!
2026-03-08 10:40:13,704 [INFO] [128/193] Fetching pathways for ACOT4...
2026-03-08 10:40:14,262 [INFO]    -> Found 20 pathways!
2026-03-08 10:40:14,414 [INFO] [129/193] Fetching pathways for ACOT1...
2026-03-08 10:40:14,932 [INFO]    -> Found 20 pathways!
2026-03-08 10:40:15,085 [INFO] [130/193] Fetching pathways for DNAL1...
2026-03-08 10:40:15,611 [INFO]    -> Found 7 pathways!
2026-03-08 10:40:15,763 [INFO] [131/193] Fetching pathways for NUMB...
2026-03-08 10:40:16,278 [INFO]    -> Found 20 pathways!
2026-03-08 10:40:16,430 [INFO] [132/193] Fetching pathways for MEPCE...
2026-03-08 10:40:16,964 [INFO]    -> No pathways found.
2026-03-08 10:40:17,065 [INFO] [133/193] Fetching pathways for PVRIG...
2026-03-08 10:40:17,621 [INFO]    -> No pathways found.
2026-03-08 10:40:17,722 [INFO] [134/193] Fetching pathways for GJC3...
2026-03-08 10:40:18,244 [INFO]    -> No pathways found.
2026-03-08 10:40:18,345 [INFO] [135/193] Fetching pathways for UGT2B17...
2026-03-08 10:40:18,866 [INFO]    -> Found 20 pathways!
2026-03-08 10:40:19,018 [INFO] [136/193] Fetching pathways for UGT2B15...
2026-03-08 10:40:19,566 [INFO]    -> Found 15 pathways!
2026-03-08 10:40:19,718 [INFO] [137/193] Fetching pathways for TMPRSS11E...
2026-03-08 10:40:20,264 [INFO]    -> No pathways found.
2026-03-08 10:40:20,365 [INFO] [138/193] Fetching pathways for UGT2B10...
2026-03-08 10:40:20,914 [INFO]    -> Found 9 pathways!
2026-03-08 10:40:21,065 [INFO] [139/193] Fetching pathways for UGT2B7...
2026-03-08 10:40:21,586 [INFO]    -> Found 14 pathways!
2026-03-08 10:40:21,739 [INFO] [140/193] Fetching pathways for UGT2A3...
2026-03-08 10:40:22,296 [INFO]    -> Found 18 pathways!
2026-03-08 10:40:22,450 [INFO] [141/193] Fetching pathways for RP3-393E18.2...
2026-03-08 10:40:23,057 [INFO]    -> No pathways found.
2026-03-08 10:40:23,161 [INFO] [142/193] Fetching pathways for NAT2...
2026-03-08 10:40:23,749 [INFO]    -> Found 20 pathways!
2026-03-08 10:40:23,901 [INFO] [143/193] Fetching pathways for SERTAD3...
2026-03-08 10:40:24,553 [INFO]    -> No pathways found.
2026-03-08 10:40:24,654 [INFO] [144/193] Fetching pathways for BLVRB...
2026-03-08 10:40:25,242 [INFO]    -> Found 20 pathways!
2026-03-08 10:40:25,395 [INFO] [145/193] Fetching pathways for CYP2B7P1...
2026-03-08 10:40:26,003 [INFO]    -> No pathways found.
2026-03-08 10:40:26,104 [INFO] [146/193] Fetching pathways for C19orf54...
2026-03-08 10:40:26,661 [INFO]    -> No pathways found.
2026-03-08 10:40:26,763 [INFO] [147/193] Fetching pathways for CYP2A6...
2026-03-08 10:40:27,285 [INFO]    -> Found 6 pathways!
2026-03-08 10:40:27,437 [INFO] [148/193] Fetching pathways for CYP2A7...
2026-03-08 10:40:27,987 [INFO]    -> Found 7 pathways!
2026-03-08 10:40:28,139 [INFO] [149/193] Fetching pathways for ALMS1-IT1...
2026-03-08 10:40:28,654 [INFO]    -> No pathways found.
2026-03-08 10:40:28,756 [INFO] [150/193] Fetching pathways for RAB11FIP5...
2026-03-08 10:40:29,276 [INFO]    -> No pathways found.
2026-03-08 10:40:29,377 [INFO] [151/193] Fetching pathways for DCTN1...
2026-03-08 10:40:29,892 [INFO]    -> Found 20 pathways!
2026-03-08 10:40:30,044 [INFO] [152/193] Fetching pathways for TPRKB...
2026-03-08 10:40:30,552 [INFO]    -> Found 3 pathways!
2026-03-08 10:40:30,703 [INFO] [153/193] Fetching pathways for AC092653.5...
2026-03-08 10:40:31,216 [INFO]    -> No pathways found.
2026-03-08 10:40:31,317 [INFO] [154/193] Fetching pathways for STAMBP...
2026-03-08 10:40:31,843 [INFO]    -> Found 20 pathways!
2026-03-08 10:40:31,994 [INFO] [155/193] Fetching pathways for ALMS1...
2026-03-08 10:40:32,524 [INFO]    -> Found 20 pathways!
2026-03-08 10:40:32,678 [INFO] [156/193] Fetching pathways for NAT8...
2026-03-08 10:40:33,222 [INFO]    -> Found 2 pathways!
2026-03-08 10:40:33,373 [INFO] [157/193] Fetching pathways for FBXO41...
2026-03-08 10:40:33,918 [INFO]    -> Found 20 pathways!
2026-03-08 10:40:34,071 [INFO] [158/193] Fetching pathways for DUSP11...
2026-03-08 10:40:34,586 [INFO]    -> No pathways found.
2026-03-08 10:40:34,688 [INFO] [159/193] Fetching pathways for CCT7...
2026-03-08 10:40:35,289 [INFO]    -> Found 20 pathways!
2026-03-08 10:40:35,442 [INFO] [160/193] Fetching pathways for DGUOK...
2026-03-08 10:40:35,955 [INFO]    -> Found 20 pathways!
2026-03-08 10:40:36,107 [INFO] [161/193] Fetching pathways for SULT1A1...
2026-03-08 10:40:36,618 [INFO]    -> Found 20 pathways!
2026-03-08 10:40:36,770 [INFO] [162/193] Fetching pathways for XPO6...
2026-03-08 10:40:37,311 [INFO]    -> No pathways found.
2026-03-08 10:40:37,412 [INFO] [163/193] Fetching pathways for SULT1A2...
2026-03-08 10:40:37,950 [INFO]    -> Found 4 pathways!
2026-03-08 10:40:38,106 [INFO] [164/193] Fetching pathways for A-575C2.4...
2026-03-08 10:40:38,640 [INFO]    -> No pathways found.
2026-03-08 10:40:38,741 [INFO] [165/193] Fetching pathways for CCDC101...
2026-03-08 10:40:39,278 [INFO]    -> Found 7 pathways!
2026-03-08 10:40:39,429 [INFO] [166/193] Fetching pathways for RRN3P2...
2026-03-08 10:40:39,963 [INFO]    -> No pathways found.
2026-03-08 10:40:40,064 [INFO] [167/193] Fetching pathways for CLN3...
2026-03-08 10:40:40,601 [INFO]    -> Found 18 pathways!
2026-03-08 10:40:40,753 [INFO] [168/193] Fetching pathways for EIF3C...
2026-03-08 10:40:41,361 [INFO]    -> Found 20 pathways!
2026-03-08 10:40:41,513 [INFO] [169/193] Fetching pathways for SPNS1...
2026-03-08 10:40:42,074 [INFO]    -> No pathways found.
2026-03-08 10:40:42,175 [INFO] [170/193] Fetching pathways for RABEP2...
2026-03-08 10:40:42,711 [INFO]    -> No pathways found.
2026-03-08 10:40:42,812 [INFO] [171/193] Fetching pathways for TUFM...
2026-03-08 10:40:43,376 [INFO]    -> Found 11 pathways!
2026-03-08 10:40:43,529 [INFO] [172/193] Fetching pathways for APOBR...
2026-03-08 10:40:44,210 [INFO]    -> Found 16 pathways!
2026-03-08 10:40:44,362 [INFO] [173/193] Fetching pathways for SH2B1...
2026-03-08 10:40:44,924 [INFO]    -> Found 20 pathways!
2026-03-08 10:40:45,076 [INFO] [174/193] Fetching pathways for SBK1...
2026-03-08 10:40:45,695 [INFO]    -> No pathways found.
2026-03-08 10:40:45,796 [INFO] [175/193] Fetching pathways for LAT...
2026-03-08 10:40:46,334 [INFO]    -> Found 20 pathways!
2026-03-08 10:40:46,486 [INFO] [176/193] Fetching pathways for NPIPB7...
2026-03-08 10:40:47,020 [INFO]    -> No pathways found.
2026-03-08 10:40:47,120 [INFO] [177/193] Fetching pathways for NFATC2IP...
2026-03-08 10:40:47,664 [INFO]    -> No pathways found.
2026-03-08 10:40:47,765 [INFO] [178/193] Fetching pathways for NPIPB8...
2026-03-08 10:40:48,299 [INFO]    -> No pathways found.
2026-03-08 10:40:48,400 [INFO] [179/193] Fetching pathways for NUPR1...
2026-03-08 10:40:49,010 [INFO]    -> No pathways found.
2026-03-08 10:40:49,111 [INFO] [180/193] Fetching pathways for NPIPB9...
2026-03-08 10:40:49,650 [INFO]    -> No pathways found.
2026-03-08 10:40:49,751 [INFO] [181/193] Fetching pathways for ATP2A1...
2026-03-08 10:40:50,295 [INFO]    -> Found 20 pathways!
2026-03-08 10:40:50,449 [INFO] [182/193] Fetching pathways for ESR2...
2026-03-08 10:40:50,991 [INFO]    -> Found 20 pathways!
2026-03-08 10:40:51,143 [INFO] [183/193] Fetching pathways for WDR89...
2026-03-08 10:40:51,745 [INFO]    -> No pathways found.
2026-03-08 10:40:51,847 [INFO] [184/193] Fetching pathways for CLPTM1...
2026-03-08 10:40:52,354 [INFO]    -> No pathways found.
2026-03-08 10:40:52,462 [INFO] [185/193] Fetching pathways for APOC2...
2026-03-08 10:40:52,982 [INFO]    -> Found 20 pathways!
2026-03-08 10:40:53,152 [INFO] [186/193] Fetching pathways for APOC4...
2026-03-08 10:40:53,662 [INFO]    -> Found 20 pathways!
2026-03-08 10:40:53,814 [INFO] [187/193] Fetching pathways for APOC1...
2026-03-08 10:40:54,354 [INFO]    -> Found 20 pathways!
2026-03-08 10:40:54,506 [INFO] [188/193] Fetching pathways for APOE...
2026-03-08 10:40:55,020 [INFO]    -> Found 20 pathways!
2026-03-08 10:40:55,191 [INFO] [189/193] Fetching pathways for MYRF...
2026-03-08 10:40:55,698 [INFO]    -> No pathways found.
2026-03-08 10:40:55,799 [INFO] [190/193] Fetching pathways for COQ6...
2026-03-08 10:40:56,345 [INFO]    -> Found 20 pathways!
2026-03-08 10:40:56,497 [INFO] [191/193] Fetching pathways for RP3-414A15.2...
2026-03-08 10:40:57,023 [INFO]    -> No pathways found.
2026-03-08 10:40:57,124 [INFO] [192/193] Fetching pathways for HEATR4...
2026-03-08 10:40:57,647 [INFO]    -> No pathways found.
2026-03-08 10:40:57,748 [INFO] [193/193] Fetching pathways for PSEN1...
2026-03-08 10:40:58,349 [INFO]    -> Found 20 pathways!
2026-03-08 10:40:58,501 [INFO] --- Reactome Gene Integration Complete ---
2026-03-08 10:55:26,900 [INFO] --- Starting Reactome ContentService Integration for METABOLITES ---
2026-03-08 10:55:26,903 [INFO] [1/83] Fetching pathways for ChEBI:73000...
2026-03-08 10:55:28,113 [INFO]    -> No pathways found.
2026-03-08 10:55:28,269 [INFO] [2/83] Fetching pathways for ChEBI:84557...
2026-03-08 10:55:29,174 [INFO]    -> No pathways found.
2026-03-08 10:55:29,326 [INFO] [3/83] Fetching pathways for ChEBI:83040...
2026-03-08 10:55:30,239 [INFO]    -> No pathways found.
2026-03-08 10:55:30,390 [INFO] [4/83] Fetching pathways for ChEBI:83037...
2026-03-08 10:55:31,299 [INFO]    -> No pathways found.
2026-03-08 10:55:31,450 [INFO] [5/83] Fetching pathways for ChEBI:83360...
2026-03-08 10:55:32,409 [INFO]    -> No pathways found.
2026-03-08 10:55:32,560 [INFO] [6/83] Fetching pathways for ChEBI:133077...
2026-03-08 10:55:33,476 [INFO]    -> No pathways found.
2026-03-08 10:55:33,627 [INFO] [7/83] Fetching pathways for ChEBI:77807...
2026-03-08 10:55:34,542 [INFO]    -> No pathways found.
2026-03-08 10:55:34,693 [INFO] [8/83] Fetching pathways for ChEBI:4676...
2026-03-08 10:55:35,643 [INFO]    -> No pathways found.
2026-03-08 10:55:35,794 [INFO] [9/83] Fetching pathways for ChEBI:86102...
2026-03-08 10:55:36,717 [INFO]    -> No pathways found.
2026-03-08 10:55:36,868 [INFO] [10/83] Fetching pathways for ChEBI:84563...
2026-03-08 10:55:37,815 [INFO]    -> No pathways found.
2026-03-08 10:55:37,966 [INFO] [11/83] Fetching pathways for ChEBI:83880...
2026-03-08 10:55:38,877 [INFO]    -> No pathways found.
2026-03-08 10:55:39,028 [INFO] [12/83] Fetching pathways for ChEBI:74533...
2026-03-08 10:55:39,946 [INFO]    -> No pathways found.
2026-03-08 10:55:40,097 [INFO] [13/83] Fetching pathways for ChEBI:53486...
2026-03-08 10:55:41,010 [INFO]    -> Found 3 pathways!
2026-03-08 10:55:41,112 [INFO] [14/83] Fetching pathways for ChEBI:32380...
2026-03-08 10:55:42,027 [INFO]    -> No pathways found.
2026-03-08 10:55:42,178 [INFO] [15/83] Fetching pathways for ChEBI:28125...
2026-03-08 10:55:43,079 [INFO]    -> No pathways found.
2026-03-08 10:55:43,230 [INFO] [16/83] Fetching pathways for ChEBI:27781...
2026-03-08 10:55:44,128 [INFO]    -> No pathways found.
2026-03-08 10:55:44,279 [INFO] [17/83] Fetching pathways for ChEBI:42504...
2026-03-08 10:55:45,199 [INFO]    -> No pathways found.
2026-03-08 10:55:45,349 [INFO] [18/83] Fetching pathways for ChEBI:84532...
2026-03-08 10:55:46,260 [INFO]    -> No pathways found.
2026-03-08 10:55:46,418 [INFO] [19/83] Fetching pathways for ChEBI:84527...
2026-03-08 10:55:47,334 [INFO]    -> No pathways found.
2026-03-08 10:55:47,485 [INFO] [20/83] Fetching pathways for ChEBI:73002...
2026-03-08 10:55:48,403 [INFO]    -> No pathways found.
2026-03-08 10:55:48,554 [INFO] [21/83] Fetching pathways for ChEBI:89203...
2026-03-08 10:55:49,489 [INFO]    -> No pathways found.
2026-03-08 10:55:49,640 [INFO] [22/83] Fetching pathways for ChEBI:28116...
2026-03-08 10:55:50,547 [INFO]    -> No pathways found.
2026-03-08 10:55:50,698 [INFO] [23/83] Fetching pathways for ChEBI:70719...
2026-03-08 10:55:51,819 [INFO]    -> No pathways found.
2026-03-08 10:55:51,970 [INFO] [24/83] Fetching pathways for ChEBI:28717...
2026-03-08 10:55:53,070 [INFO]    -> No pathways found.
2026-03-08 10:55:53,221 [INFO] [25/83] Fetching pathways for ChEBI:15843...
2026-03-08 10:55:54,124 [INFO]    -> No pathways found.
2026-03-08 10:55:54,275 [INFO] [26/83] Fetching pathways for ChEBI:64032...
2026-03-08 10:55:55,179 [INFO]    -> No pathways found.
2026-03-08 10:55:55,330 [INFO] [27/83] Fetching pathways for ChEBI:43580...
2026-03-08 10:55:56,250 [INFO]    -> Found 1 pathways!
2026-03-08 10:55:56,351 [INFO] [28/83] Fetching pathways for ChEBI:146206...
2026-03-08 10:55:57,271 [INFO]    -> No pathways found.
2026-03-08 10:55:57,422 [INFO] [29/83] Fetching pathways for ChEBI:32425...
2026-03-08 10:55:58,333 [INFO]    -> No pathways found.
2026-03-08 10:55:58,485 [INFO] [30/83] Fetching pathways for ChEBI:72959...
2026-03-08 10:55:59,387 [INFO]    -> No pathways found.
2026-03-08 10:55:59,538 [INFO] [31/83] Fetching pathways for ChEBI:64395...
2026-03-08 10:56:00,442 [INFO]    -> No pathways found.
2026-03-08 10:56:00,593 [INFO] [32/83] Fetching pathways for ChEBI:85520...
2026-03-08 10:56:01,511 [INFO]    -> No pathways found.
2026-03-08 10:56:01,661 [INFO] [33/83] Fetching pathways for ChEBI:48430...
2026-03-08 10:56:02,570 [INFO]    -> No pathways found.
2026-03-08 10:56:02,722 [INFO] [34/83] Fetching pathways for ChEBI:74963...
2026-03-08 10:56:03,636 [INFO]    -> No pathways found.
2026-03-08 10:56:03,787 [INFO] [35/83] Fetching pathways for ChEBI:53488...
2026-03-08 10:56:04,693 [INFO]    -> No pathways found.
2026-03-08 10:56:04,844 [INFO] [36/83] Fetching pathways for ChEBI:17626...
2026-03-08 10:56:05,747 [INFO]    -> No pathways found.
2026-03-08 10:56:05,898 [INFO] [37/83] Fetching pathways for ChEBI:21949...
2026-03-08 10:56:06,862 [INFO]    -> No pathways found.
2026-03-08 10:56:07,013 [INFO] [38/83] Fetching pathways for ChEBI:76308...
2026-03-08 10:56:07,925 [INFO]    -> No pathways found.
2026-03-08 10:56:08,076 [INFO] [39/83] Fetching pathways for ChEBI:37371...
2026-03-08 10:56:09,003 [INFO]    -> No pathways found.
2026-03-08 10:56:09,154 [INFO] [40/83] Fetching pathways for ChEBI:34071...
2026-03-08 10:56:10,093 [INFO]    -> No pathways found.
2026-03-08 10:56:10,244 [INFO] [41/83] Fetching pathways for ChEBI:28821...
2026-03-08 10:56:11,151 [INFO]    -> No pathways found.
2026-03-08 10:56:11,302 [INFO] [42/83] Fetching pathways for ChEBI:37100...
2026-03-08 10:56:12,262 [INFO]    -> No pathways found.
2026-03-08 10:56:12,414 [INFO] [43/83] Fetching pathways for ChEBI:84829...
2026-03-08 10:56:13,325 [INFO]    -> No pathways found.
2026-03-08 10:56:13,476 [INFO] [44/83] Fetching pathways for ChEBI:84846...
2026-03-08 10:56:14,398 [INFO]    -> No pathways found.
2026-03-08 10:56:14,550 [INFO] [45/83] Fetching pathways for ChEBI:73004...
2026-03-08 10:56:15,463 [INFO]    -> No pathways found.
2026-03-08 10:56:15,614 [INFO] [46/83] Fetching pathways for ChEBI:84153...
2026-03-08 10:56:16,532 [INFO]    -> No pathways found.
2026-03-08 10:56:16,683 [INFO] [47/83] Fetching pathways for ChEBI:65136...
2026-03-08 10:56:17,596 [INFO]    -> No pathways found.
2026-03-08 10:56:17,747 [INFO] [48/83] Fetching pathways for ChEBI:28733...
2026-03-08 10:56:18,664 [INFO]    -> No pathways found.
2026-03-08 10:56:18,815 [INFO] [49/83] Fetching pathways for ChEBI:28661...
2026-03-08 10:56:19,769 [INFO]    -> Found 3 pathways!
2026-03-08 10:56:19,871 [INFO] [50/83] Fetching pathways for ChEBI:133693...
2026-03-08 10:56:20,778 [INFO]    -> No pathways found.
2026-03-08 10:56:20,929 [INFO] [51/83] Fetching pathways for ChEBI:166485...
2026-03-08 10:56:21,843 [INFO]    -> No pathways found.
2026-03-08 10:56:21,993 [INFO] [52/83] Fetching pathways for ChEBI:70811...
2026-03-08 10:56:22,930 [INFO]    -> No pathways found.
2026-03-08 10:56:23,081 [INFO] [53/83] Fetching pathways for ChEBI:75036...
2026-03-08 10:56:23,987 [INFO]    -> No pathways found.
2026-03-08 10:56:24,139 [INFO] [54/83] Fetching pathways for ChEBI:87986...
2026-03-08 10:56:25,090 [INFO]    -> No pathways found.
2026-03-08 10:56:25,242 [INFO] [55/83] Fetching pathways for ChEBI:17884...
2026-03-08 10:56:26,222 [INFO]    -> No pathways found.
2026-03-08 10:56:26,373 [INFO] [56/83] Fetching pathways for ChEBI:133124...
2026-03-08 10:56:27,278 [INFO]    -> No pathways found.
2026-03-08 10:56:27,429 [INFO] [57/83] Fetching pathways for ChEBI:84834...
2026-03-08 10:56:28,328 [INFO]    -> No pathways found.
2026-03-08 10:56:28,480 [INFO] [58/83] Fetching pathways for ChEBI:84814...
2026-03-08 10:56:29,405 [INFO]    -> No pathways found.
2026-03-08 10:56:29,557 [INFO] [59/83] Fetching pathways for ChEBI:28716...
2026-03-08 10:56:30,572 [INFO]    -> Found 3 pathways!
2026-03-08 10:56:30,673 [INFO] [60/83] Fetching pathways for ChEBI:78646...
2026-03-08 10:56:31,571 [INFO]    -> No pathways found.
2026-03-08 10:56:31,722 [INFO] [61/83] Fetching pathways for ChEBI:15756...
2026-03-08 10:56:32,621 [INFO]    -> No pathways found.
2026-03-08 10:56:32,772 [INFO] [62/83] Fetching pathways for ChEBI:40836...
2026-03-08 10:56:33,682 [INFO]    -> No pathways found.
2026-03-08 10:56:33,833 [INFO] [63/83] Fetching pathways for ChEBI:85525...
2026-03-08 10:56:34,732 [INFO]    -> No pathways found.
2026-03-08 10:56:34,883 [INFO] [64/83] Fetching pathways for ChEBI:25858...
2026-03-08 10:56:35,797 [INFO]    -> Found 2 pathways!
2026-03-08 10:56:35,899 [INFO] [65/83] Fetching pathways for ChEBI:39540...
2026-03-08 10:56:36,841 [INFO]    -> No pathways found.
2026-03-08 10:56:36,993 [INFO] [66/83] Fetching pathways for ChEBI:73066...
2026-03-08 10:56:37,927 [INFO]    -> No pathways found.
2026-03-08 10:56:38,078 [INFO] [67/83] Fetching pathways for ChEBI:133747...
2026-03-08 10:56:39,100 [INFO]    -> No pathways found.
2026-03-08 10:56:39,251 [INFO] [68/83] Fetching pathways for ChEBI:17786...
2026-03-08 10:56:40,147 [INFO]    -> No pathways found.
2026-03-08 10:56:40,298 [INFO] [69/83] Fetching pathways for ChEBI:21363...
2026-03-08 10:56:41,213 [INFO]    -> Found 1 pathways!
2026-03-08 10:56:41,315 [INFO] [70/83] Fetching pathways for ChEBI:133672...
2026-03-08 10:56:42,340 [INFO]    -> No pathways found.
2026-03-08 10:56:42,492 [INFO] [71/83] Fetching pathways for ChEBI:84562...
2026-03-08 10:56:43,626 [INFO]    -> No pathways found.
2026-03-08 10:56:43,777 [INFO] [72/83] Fetching pathways for ChEBI:77292...
2026-03-08 10:56:44,869 [INFO]    -> No pathways found.
2026-03-08 10:56:45,021 [INFO] [73/83] Fetching pathways for ChEBI:75038...
2026-03-08 10:56:45,939 [INFO]    -> No pathways found.
2026-03-08 10:56:46,096 [INFO] [74/83] Fetching pathways for ChEBI:28842...
2026-03-08 10:56:47,074 [INFO]    -> No pathways found.
2026-03-08 10:56:47,225 [INFO] [75/83] Fetching pathways for ChEBI:78340...
2026-03-08 10:56:48,142 [INFO]    -> No pathways found.
2026-03-08 10:56:48,293 [INFO] [76/83] Fetching pathways for ChEBI:16259...
2026-03-08 10:56:49,214 [INFO]    -> No pathways found.
2026-03-08 10:56:49,365 [INFO] [77/83] Fetching pathways for ChEBI:16244...
2026-03-08 10:56:50,312 [INFO]    -> Found 1 pathways!
2026-03-08 10:56:50,416 [INFO] [78/83] Fetching pathways for ChEBI:84838...
2026-03-08 10:56:51,352 [INFO]    -> No pathways found.
2026-03-08 10:56:51,504 [INFO] [79/83] Fetching pathways for ChEBI:53210...
2026-03-08 10:56:52,417 [INFO]    -> Found 1 pathways!
2026-03-08 10:56:52,518 [INFO] [80/83] Fetching pathways for ChEBI:17521...
2026-03-08 10:56:53,454 [INFO]    -> No pathways found.
2026-03-08 10:56:53,606 [INFO] [81/83] Fetching pathways for ChEBI:83051...
2026-03-08 10:56:54,550 [INFO]    -> No pathways found.
2026-03-08 10:56:54,702 [INFO] [82/83] Fetching pathways for ChEBI:86260...
2026-03-08 10:56:55,626 [INFO]    -> No pathways found.
2026-03-08 10:56:55,778 [INFO] [83/83] Fetching pathways for ChEBI:73212...
2026-03-08 10:56:56,705 [INFO]    -> No pathways found.
2026-03-08 10:56:56,856 [INFO] --- Reactome Metabolite Integration Complete ---
2026-03-08 10:59:23,097 [INFO] --- Starting Local HMDB Bulk XML Integration ---
2026-03-08 10:59:23,457 [INFO] Looking for 83 specific metabolites in the bulk file...
2026-03-08 10:59:26,886 [INFO]    -> Found match in XML: HMDB0000220
2026-03-08 10:59:27,426 [INFO]    -> Found match in XML: HMDB0000412
2026-03-08 10:59:27,427 [INFO]       No location data available for HMDB0000412
2026-03-08 10:59:27,534 [INFO]    -> Found match in XML: HMDB0000512
2026-03-08 10:59:27,618 [INFO]    -> Found match in XML: HMDB0000560
2026-03-08 10:59:27,619 [INFO]       No location data available for HMDB0000560
2026-03-08 10:59:27,712 [INFO]    -> Found match in XML: HMDB0000623
2026-03-08 10:59:27,838 [INFO]    -> Found match in XML: HMDB0000651
2026-03-08 10:59:27,904 [INFO]    -> Found match in XML: HMDB0000695
2026-03-08 10:59:27,957 [INFO]    -> Found match in XML: HMDB0000736
2026-03-08 10:59:27,984 [INFO]    -> Found match in XML: HMDB0000756
2026-03-08 10:59:28,054 [INFO]    -> Found match in XML: HMDB0000824
2026-03-08 10:59:28,063 [INFO]    -> Found match in XML: HMDB0000826
2026-03-08 10:59:28,070 [INFO]    -> Found match in XML: HMDB0000827
2026-03-08 10:59:28,121 [INFO]    -> Found match in XML: HMDB0000872
2026-03-08 10:59:28,721 [INFO]    -> Found match in XML: HMDB0001043
2026-03-08 10:59:28,789 [INFO]    -> Found match in XML: HMDB0001161
2026-03-08 10:59:30,630 [INFO]    -> Found match in XML: HMDB0001860
2026-03-08 10:59:30,781 [INFO]    -> Found match in XML: HMDB0001954
2026-03-08 10:59:30,806 [INFO]    -> Found match in XML: HMDB0001976
2026-03-08 10:59:30,820 [INFO]    -> Found match in XML: HMDB0002000
2026-03-08 10:59:30,832 [INFO]    -> Found match in XML: HMDB0002013
2026-03-08 10:59:31,261 [INFO]    -> Found match in XML: HMDB0002183
2026-03-08 10:59:31,283 [INFO]    -> Found match in XML: HMDB0002203
2026-03-08 10:59:31,337 [INFO]    -> Found match in XML: HMDB0002302
2026-03-08 10:59:31,480 [INFO]    -> Found match in XML: HMDB0002366
2026-03-08 10:59:31,581 [INFO]    -> Found match in XML: HMDB0002759
2026-03-08 10:59:31,597 [INFO]    -> Found match in XML: HMDB0002823
2026-03-08 10:59:31,704 [INFO]    -> Found match in XML: HMDB0002925
2026-03-08 10:59:31,732 [INFO]    -> Found match in XML: HMDB0003072
2026-03-08 10:59:31,772 [INFO]    -> Found match in XML: HMDB0003229
2026-03-08 10:59:31,994 [INFO]    -> Found match in XML: HMDB0004225
2026-03-08 10:59:32,326 [INFO]    -> Found match in XML: HMDB0004949
2026-03-08 10:59:32,377 [INFO]    -> Found match in XML: HMDB0004980
2026-03-08 10:59:32,662 [INFO]    -> Found match in XML: HMDB0006344
2026-03-08 10:59:32,762 [INFO]    -> Found match in XML: HMDB0006528
2026-03-08 10:59:33,552 [INFO]    -> Found match in XML: HMDB0007257
2026-03-08 10:59:35,078 [INFO]    -> Found match in XML: HMDB0007883
2026-03-08 10:59:35,305 [INFO]    -> Found match in XML: HMDB0007970
2026-03-08 10:59:35,312 [INFO]    -> Found match in XML: HMDB0007973
2026-03-08 10:59:35,356 [INFO]    -> Found match in XML: HMDB0007991
2026-03-08 10:59:35,543 [INFO]    -> Found match in XML: HMDB0008057
2026-03-08 10:59:35,649 [INFO]    -> Found match in XML: HMDB0008123
2026-03-08 10:59:35,691 [INFO]    -> Found match in XML: HMDB0008147
2026-03-08 10:59:37,516 [INFO]    -> Found match in XML: HMDB0008993
2026-03-08 10:59:37,623 [INFO]    -> Found match in XML: HMDB0009093
2026-03-08 10:59:38,619 [INFO]    -> Found match in XML: HMDB0009784
2026-03-08 10:59:38,664 [INFO]    -> Found match in XML: HMDB0009815
2026-03-08 10:59:39,342 [INFO]    -> Found match in XML: HMDB0010169
2026-03-08 10:59:39,565 [INFO]    -> Found match in XML: HMDB0010386
2026-03-08 10:59:39,589 [INFO]    -> Found match in XML: HMDB0010405
2026-03-08 10:59:39,903 [INFO]    -> Found match in XML: HMDB0011130
2026-03-08 10:59:39,958 [INFO]    -> Found match in XML: HMDB0011206
2026-03-08 10:59:39,963 [INFO]    -> Found match in XML: HMDB0011207
2026-03-08 10:59:39,973 [INFO]    -> Found match in XML: HMDB0011211
2026-03-08 10:59:39,995 [INFO]    -> Found match in XML: HMDB0011220
2026-03-08 10:59:40,256 [INFO]    -> Found match in XML: HMDB0011343
2026-03-08 10:59:40,267 [INFO]    -> Found match in XML: HMDB0011352
2026-03-08 10:59:40,287 [INFO]    -> Found match in XML: HMDB0011375
2026-03-08 10:59:40,388 [INFO]    -> Found match in XML: HMDB0011503
2026-03-08 10:59:40,400 [INFO]    -> Found match in XML: HMDB0011517
2026-03-08 10:59:40,452 [INFO]    -> Found match in XML: HMDB0011578
2026-03-08 10:59:40,509 [INFO]    -> Found match in XML: HMDB0011686
2026-03-08 10:59:40,517 [INFO]    -> Found match in XML: HMDB0011697
2026-03-08 10:59:40,552 [INFO]    -> Found match in XML: HMDB0011756
2026-03-08 10:59:40,919 [INFO]    -> Found match in XML: HMDB0012104
2026-03-08 10:59:40,921 [INFO]    -> Found match in XML: HMDB0012105
2026-03-08 10:59:40,999 [INFO]    -> Found match in XML: HMDB0012252
2026-03-08 10:59:41,347 [INFO]    -> Found match in XML: HMDB0013034
2026-03-08 10:59:41,395 [INFO]    -> Found match in XML: HMDB0013213
2026-03-08 10:59:41,396 [INFO]       No location data available for HMDB0013213
2026-03-08 10:59:41,406 [INFO]    -> Found match in XML: HMDB0013240
2026-03-08 10:59:41,427 [INFO]    -> Found match in XML: HMDB0013328
2026-03-08 10:59:41,784 [INFO]    -> Found match in XML: HMDB0013622
2026-03-08 10:59:42,797 [INFO]    -> Found match in XML: HMDB0029159
2026-03-08 10:59:42,880 [INFO]    -> Found match in XML: HMDB0029377
2026-03-08 11:00:05,638 [INFO]    -> Found match in XML: HMDB0062174
2026-03-08 11:00:05,826 [INFO]    -> Found match in XML: HMDB0062657
2026-03-08 11:01:32,839 [INFO]    -> Found match in XML: HMDB0240313
2026-03-08 11:01:32,908 [INFO]    -> Found match in XML: HMDB0240596
2026-03-08 11:01:32,909 [INFO]    -> Found match in XML: HMDB0240597
2026-03-08 11:01:32,965 [INFO]    -> Found match in XML: HMDB0240782
2026-03-08 11:01:32,967 [INFO]       No location data available for HMDB0240782
2026-03-08 11:01:33,373 [INFO]    -> Found match in XML: HMDB0242113
2026-03-08 11:01:33,374 [INFO]       No location data available for HMDB0242113
2026-03-08 11:01:46,573 [INFO] --- HMDB Bulk Integration Complete ---
